{
  "stats": {
    "suites": 30,
    "tests": 186,
    "passes": 186,
    "pending": 0,
    "failures": 0,
    "start": "2020-08-11T08:55:48.377Z",
    "end": "2020-08-11T08:56:05.645Z",
    "duration": 17268,
    "testsRegistered": 186,
    "passPercent": 100,
    "pendingPercent": 0,
    "other": 0,
    "hasOther": false,
    "skipped": 0,
    "hasSkipped": false
  },
  "results": [
    {
      "uuid": "40ac44ad-6c12-4449-95b8-a87dde0ed785",
      "title": "",
      "fullFile": "",
      "file": "",
      "beforeHooks": [],
      "afterHooks": [],
      "tests": [],
      "suites": [
        {
          "uuid": "a0faa467-3a25-41df-b78b-38f881a2cf93",
          "title": "arrayHasRepeat 函数测试",
          "fullFile": "/Users/kakaniva/Documents/Sourcetree/kacore/src/array/arrayHasRepeat.spec.ts",
          "file": "/src/array/arrayHasRepeat.spec.ts",
          "beforeHooks": [],
          "afterHooks": [],
          "tests": [
            {
              "title": "arrayHasRepeat([12,45,67,89,67,12]) 结果为 true",
              "fullTitle": "arrayHasRepeat 函数测试 arrayHasRepeat([12,45,67,89,67,12]) 结果为 true",
              "timedOut": false,
              "duration": 1,
              "state": "passed",
              "speed": "fast",
              "pass": true,
              "fail": false,
              "pending": false,
              "context": null,
              "code": "chai_1.expect(arrayHasRepeat_1.arrayHasRepeat([12, 45, 67, 89, 67, 12])).to.be.true;",
              "err": {},
              "uuid": "e747ffd5-aa39-44dc-b911-b30517b0736e",
              "parentUUID": "a0faa467-3a25-41df-b78b-38f881a2cf93",
              "isHook": false,
              "skipped": false
            },
            {
              "title": "arrayHasRepeat(['12',45,'67',89,67,12]) 结果为 false",
              "fullTitle": "arrayHasRepeat 函数测试 arrayHasRepeat(['12',45,'67',89,67,12]) 结果为 false",
              "timedOut": false,
              "duration": 0,
              "state": "passed",
              "speed": "fast",
              "pass": true,
              "fail": false,
              "pending": false,
              "context": null,
              "code": "chai_1.expect(arrayHasRepeat_1.arrayHasRepeat([\"12\", 45, \"67\", 89, 67, 12])).to.be.false;",
              "err": {},
              "uuid": "dac405aa-caac-4129-8270-532b8b8b9983",
              "parentUUID": "a0faa467-3a25-41df-b78b-38f881a2cf93",
              "isHook": false,
              "skipped": false
            },
            {
              "title": "arrayHasRepeat([{a:1},{a:2},{a:1}]) 结果为 true",
              "fullTitle": "arrayHasRepeat 函数测试 arrayHasRepeat([{a:1},{a:2},{a:1}]) 结果为 true",
              "timedOut": false,
              "duration": 0,
              "state": "passed",
              "speed": "fast",
              "pass": true,
              "fail": false,
              "pending": false,
              "context": null,
              "code": "chai_1.expect(arrayHasRepeat_1.arrayHasRepeat([{ a: 1 }, { a: 2 }, { a: 1 }])).to.be.true;",
              "err": {},
              "uuid": "18dc8793-83f9-430b-951f-3c0220a3f13e",
              "parentUUID": "a0faa467-3a25-41df-b78b-38f881a2cf93",
              "isHook": false,
              "skipped": false
            },
            {
              "title": "arrayHasRepeat([{a:1},{a:2},{a:'1'}]) 结果为 false",
              "fullTitle": "arrayHasRepeat 函数测试 arrayHasRepeat([{a:1},{a:2},{a:'1'}]) 结果为 false",
              "timedOut": false,
              "duration": 0,
              "state": "passed",
              "speed": "fast",
              "pass": true,
              "fail": false,
              "pending": false,
              "context": null,
              "code": "chai_1.expect(arrayHasRepeat_1.arrayHasRepeat([{ a: 1 }, { a: 2 }, { a: \"1\" }])).to.be.false;",
              "err": {},
              "uuid": "dbbf242e-a9ee-4bd4-9b70-6ba2d3efc2ed",
              "parentUUID": "a0faa467-3a25-41df-b78b-38f881a2cf93",
              "isHook": false,
              "skipped": false
            },
            {
              "title": "arrayHasRepeat([{a:{c:1}},{a:2},{a:'1'},{a:{c:1}}]) 结果为 true",
              "fullTitle": "arrayHasRepeat 函数测试 arrayHasRepeat([{a:{c:1}},{a:2},{a:'1'},{a:{c:1}}]) 结果为 true",
              "timedOut": false,
              "duration": 0,
              "state": "passed",
              "speed": "fast",
              "pass": true,
              "fail": false,
              "pending": false,
              "context": null,
              "code": "chai_1.expect(arrayHasRepeat_1.arrayHasRepeat([{ a: { c: 1 } }, { a: 2 }, { a: \"1\" }, { a: { c: 1 } }])).to.be.true;",
              "err": {},
              "uuid": "8ca2c42e-94af-418f-bc87-71e85b2a0cea",
              "parentUUID": "a0faa467-3a25-41df-b78b-38f881a2cf93",
              "isHook": false,
              "skipped": false
            }
          ],
          "suites": [],
          "passes": [
            "e747ffd5-aa39-44dc-b911-b30517b0736e",
            "dac405aa-caac-4129-8270-532b8b8b9983",
            "18dc8793-83f9-430b-951f-3c0220a3f13e",
            "dbbf242e-a9ee-4bd4-9b70-6ba2d3efc2ed",
            "8ca2c42e-94af-418f-bc87-71e85b2a0cea"
          ],
          "failures": [],
          "pending": [],
          "skipped": [],
          "duration": 1,
          "root": false,
          "rootEmpty": false,
          "_timeout": 2000
        },
        {
          "uuid": "6c979c0e-65e2-428e-836f-95a27dafccbd",
          "title": "arrayHasValue 函数测试",
          "fullFile": "/Users/kakaniva/Documents/Sourcetree/kacore/src/array/arrayHasValue.spec.ts",
          "file": "/src/array/arrayHasValue.spec.ts",
          "beforeHooks": [],
          "afterHooks": [],
          "tests": [
            {
              "title": "arrayHasValue([12,45,67,89,67,12],12) 结果为 0",
              "fullTitle": "arrayHasValue 函数测试 arrayHasValue([12,45,67,89,67,12],12) 结果为 0",
              "timedOut": false,
              "duration": 1,
              "state": "passed",
              "speed": "fast",
              "pass": true,
              "fail": false,
              "pending": false,
              "context": null,
              "code": "chai_1.expect(arrayHasValue_1.arrayHasValue([12, 45, 67, 89, 67, 12], 12)).to.be.equal(0);",
              "err": {},
              "uuid": "89023542-6aa3-4314-b435-aec5149b62a2",
              "parentUUID": "6c979c0e-65e2-428e-836f-95a27dafccbd",
              "isHook": false,
              "skipped": false
            },
            {
              "title": "arrayHasValue([12,45,67,89,67,12],89) 结果为 3",
              "fullTitle": "arrayHasValue 函数测试 arrayHasValue([12,45,67,89,67,12],89) 结果为 3",
              "timedOut": false,
              "duration": 0,
              "state": "passed",
              "speed": "fast",
              "pass": true,
              "fail": false,
              "pending": false,
              "context": null,
              "code": "chai_1.expect(arrayHasValue_1.arrayHasValue([12, 45, 67, 89, 67, 12], 89)).to.be.equal(3);",
              "err": {},
              "uuid": "5cc88522-63cc-445e-a4bb-89803b052180",
              "parentUUID": "6c979c0e-65e2-428e-836f-95a27dafccbd",
              "isHook": false,
              "skipped": false
            },
            {
              "title": "arrayHasValue([{a:1},{a:2}],{a:1}) 结果为 0",
              "fullTitle": "arrayHasValue 函数测试 arrayHasValue([{a:1},{a:2}],{a:1}) 结果为 0",
              "timedOut": false,
              "duration": 0,
              "state": "passed",
              "speed": "fast",
              "pass": true,
              "fail": false,
              "pending": false,
              "context": null,
              "code": "chai_1.expect(arrayHasValue_1.arrayHasValue([{ a: 1 }, { a: 2 }], { a: 1 })).to.be.equal(0);",
              "err": {},
              "uuid": "5f6154c7-30cb-4736-b8ad-da80e6a05cbf",
              "parentUUID": "6c979c0e-65e2-428e-836f-95a27dafccbd",
              "isHook": false,
              "skipped": false
            },
            {
              "title": "arrayHasValue([{a:1},{a:2}],{a:3}) 结果为 -1",
              "fullTitle": "arrayHasValue 函数测试 arrayHasValue([{a:1},{a:2}],{a:3}) 结果为 -1",
              "timedOut": false,
              "duration": 0,
              "state": "passed",
              "speed": "fast",
              "pass": true,
              "fail": false,
              "pending": false,
              "context": null,
              "code": "chai_1.expect(arrayHasValue_1.arrayHasValue([{ a: 1 }, { a: 2 }], { a: 3 })).to.be.equal(-1);",
              "err": {},
              "uuid": "df0789bf-d20e-4802-ba8d-aebcd26774b0",
              "parentUUID": "6c979c0e-65e2-428e-836f-95a27dafccbd",
              "isHook": false,
              "skipped": false
            }
          ],
          "suites": [],
          "passes": [
            "89023542-6aa3-4314-b435-aec5149b62a2",
            "5cc88522-63cc-445e-a4bb-89803b052180",
            "5f6154c7-30cb-4736-b8ad-da80e6a05cbf",
            "df0789bf-d20e-4802-ba8d-aebcd26774b0"
          ],
          "failures": [],
          "pending": [],
          "skipped": [],
          "duration": 1,
          "root": false,
          "rootEmpty": false,
          "_timeout": 2000
        },
        {
          "uuid": "33889657-6644-464f-b76d-30441125c0dc",
          "title": "arraySort 函数测试",
          "fullFile": "/Users/kakaniva/Documents/Sourcetree/kacore/src/array/arraySort.spec.ts",
          "file": "/src/array/arraySort.spec.ts",
          "beforeHooks": [],
          "afterHooks": [],
          "tests": [
            {
              "title": "arraySort([\"a\", \"c\", \"g\", 5, 12, 97, 66],{mode:'desc'}) 结果为 [ 'g', 'c', 'a', 97, 66, 12, 5 ]",
              "fullTitle": "arraySort 函数测试 arraySort([\"a\", \"c\", \"g\", 5, 12, 97, 66],{mode:'desc'}) 结果为 [ 'g', 'c', 'a', 97, 66, 12, 5 ]",
              "timedOut": false,
              "duration": 1,
              "state": "passed",
              "speed": "fast",
              "pass": true,
              "fail": false,
              "pending": false,
              "context": null,
              "code": "chai_1.expect(arraySort_1.arraySort([\"a\", \"c\", \"g\", 5, 12, 97, 66], { mode: \"desc\" })).to.be.deep.equal([\"g\", \"c\", \"a\", 97, 66, 12, 5]);",
              "err": {},
              "uuid": "087d94f3-14cc-40da-a4af-edb59ae63634",
              "parentUUID": "33889657-6644-464f-b76d-30441125c0dc",
              "isHook": false,
              "skipped": false
            },
            {
              "title": "arraySort([\"a\", \"c\", \"g\", 5, 12, 97, 66],{mode:'asc'}) 结果为 [5, 12, 66, 97, \"a\", \"c\", \"g\"]",
              "fullTitle": "arraySort 函数测试 arraySort([\"a\", \"c\", \"g\", 5, 12, 97, 66],{mode:'asc'}) 结果为 [5, 12, 66, 97, \"a\", \"c\", \"g\"]",
              "timedOut": false,
              "duration": 0,
              "state": "passed",
              "speed": "fast",
              "pass": true,
              "fail": false,
              "pending": false,
              "context": null,
              "code": "chai_1.expect(arraySort_1.arraySort([\"a\", \"c\", \"g\", 5, 12, 97, 66], { mode: \"asc\" })).to.be.deep.equal([5, 12, 66, 97, \"a\", \"c\", \"g\"]);",
              "err": {},
              "uuid": "98de70c7-371e-4378-8364-725b778b1437",
              "parentUUID": "33889657-6644-464f-b76d-30441125c0dc",
              "isHook": false,
              "skipped": false
            },
            {
              "title": "arraySort([\"a\", \"c\", \"g\", 5, 12, 97, 66, \"ac\"],{mode:'asc'}) 结果为 [5, 12, 66, 97, \"a\", \"ac\", \"c\", \"g\"]",
              "fullTitle": "arraySort 函数测试 arraySort([\"a\", \"c\", \"g\", 5, 12, 97, 66, \"ac\"],{mode:'asc'}) 结果为 [5, 12, 66, 97, \"a\", \"ac\", \"c\", \"g\"]",
              "timedOut": false,
              "duration": 1,
              "state": "passed",
              "speed": "fast",
              "pass": true,
              "fail": false,
              "pending": false,
              "context": null,
              "code": "chai_1.expect(arraySort_1.arraySort([\"a\", \"c\", \"g\", 5, 12, 97, 66, \"ac\"], { mode: \"asc\" })).to.be.deep.equal([5, 12, 66, 97, \"a\", \"ac\", \"c\", \"g\"]);",
              "err": {},
              "uuid": "a34eb9de-68f7-4e28-bdc7-08e1fb288f91",
              "parentUUID": "33889657-6644-464f-b76d-30441125c0dc",
              "isHook": false,
              "skipped": false
            },
            {
              "title": "arraySort([{ id: 456 }, { id: 12 }, { id: \"asdf\" }, { id: 9 }],{mode:'asc',key:'id'}) 结果为 [{ id: 9 }, { id: 12 }, { id: 456 }, { id: \"asdf\" }]",
              "fullTitle": "arraySort 函数测试 arraySort([{ id: 456 }, { id: 12 }, { id: \"asdf\" }, { id: 9 }],{mode:'asc',key:'id'}) 结果为 [{ id: 9 }, { id: 12 }, { id: 456 }, { id: \"asdf\" }]",
              "timedOut": false,
              "duration": 0,
              "state": "passed",
              "speed": "fast",
              "pass": true,
              "fail": false,
              "pending": false,
              "context": null,
              "code": "chai_1.expect(arraySort_1.arraySort([{ id: 456 }, { id: 12 }, { id: \"asdf\" }, { id: 9 }], { mode: \"asc\", key: \"id\" })).to.be.deep.equal([{ id: 9 }, { id: 12 }, { id: 456 }, { id: \"asdf\" }]);",
              "err": {},
              "uuid": "bf2fd10b-011c-4b84-a0fe-6e809221542d",
              "parentUUID": "33889657-6644-464f-b76d-30441125c0dc",
              "isHook": false,
              "skipped": false
            },
            {
              "title": "arraySort([\"2020-1-1\", \"2019-5-6\", \"2020-5-5\", \"2019-3-2\"],{mode:'asc'}) 结果为 [\"2019-3-2\", \"2019-5-6\", \"2020-1-1\", \"2020-5-5\"]",
              "fullTitle": "arraySort 函数测试 arraySort([\"2020-1-1\", \"2019-5-6\", \"2020-5-5\", \"2019-3-2\"],{mode:'asc'}) 结果为 [\"2019-3-2\", \"2019-5-6\", \"2020-1-1\", \"2020-5-5\"]",
              "timedOut": false,
              "duration": 0,
              "state": "passed",
              "speed": "fast",
              "pass": true,
              "fail": false,
              "pending": false,
              "context": null,
              "code": "chai_1.expect(arraySort_1.arraySort([\"2020-1-1\", \"2019-5-6\", \"2020-5-5\", \"2019-3-2\"], { mode: \"asc\" })).to.be.deep.equal([\"2019-3-2\", \"2019-5-6\", \"2020-1-1\", \"2020-5-5\"]);",
              "err": {},
              "uuid": "218e0d59-6c38-45ed-9138-52a636e3e1c8",
              "parentUUID": "33889657-6644-464f-b76d-30441125c0dc",
              "isHook": false,
              "skipped": false
            },
            {
              "title": "arraySort([\"bd\", \"cs\", \"bc\", 5, \"aa\", \"fg\", \"as\", \"gg\", 23],{mode:'asc'}) 结果为 [5, 23, \"aa\", \"as\", \"bc\", \"bd\", \"cs\", \"fg\", \"gg\"]",
              "fullTitle": "arraySort 函数测试 arraySort([\"bd\", \"cs\", \"bc\", 5, \"aa\", \"fg\", \"as\", \"gg\", 23],{mode:'asc'}) 结果为 [5, 23, \"aa\", \"as\", \"bc\", \"bd\", \"cs\", \"fg\", \"gg\"]",
              "timedOut": false,
              "duration": 0,
              "state": "passed",
              "speed": "fast",
              "pass": true,
              "fail": false,
              "pending": false,
              "context": null,
              "code": "chai_1.expect(arraySort_1.arraySort([\"bd\", \"cs\", \"bc\", 5, \"aa\", \"fg\", \"as\", \"gg\", 23], { mode: \"asc\" })).to.be.deep.equal([5, 23, \"aa\", \"as\", \"bc\", \"bd\", \"cs\", \"fg\", \"gg\"]);",
              "err": {},
              "uuid": "54b41c97-ba0a-4a50-b00b-2ba76e92e081",
              "parentUUID": "33889657-6644-464f-b76d-30441125c0dc",
              "isHook": false,
              "skipped": false
            },
            {
              "title": "arraySort([\"bd\", \"cs\", \"bc\", 5, \"aa\", \"张三\", \"fg\", \"张四\", \"as\", \"gg\", \"陈大\", 23],{mode:'asc'}) 结果为 [5, 23, \"aa\", \"as\", \"bc\", \"bd\", \"cs\", \"fg\", \"gg\"]",
              "fullTitle": "arraySort 函数测试 arraySort([\"bd\", \"cs\", \"bc\", 5, \"aa\", \"张三\", \"fg\", \"张四\", \"as\", \"gg\", \"陈大\", 23],{mode:'asc'}) 结果为 [5, 23, \"aa\", \"as\", \"bc\", \"bd\", \"cs\", \"fg\", \"gg\"]",
              "timedOut": false,
              "duration": 1,
              "state": "passed",
              "speed": "fast",
              "pass": true,
              "fail": false,
              "pending": false,
              "context": null,
              "code": "chai_1.expect(arraySort_1.arraySort([\"bd\", \"cs\", \"bc\", 5, \"aa\", \"张三\", \"fg\", \"张四\", \"as\", \"gg\", \"陈大\", 23], { mode: \"asc\" })).to.be.deep.equal([5, 23, \"陈大\", \"张三\", \"张四\", \"aa\", \"as\", \"bc\", \"bd\", \"cs\", \"fg\", \"gg\"]);",
              "err": {},
              "uuid": "39a1161c-3566-45f9-9247-363f8fb4431c",
              "parentUUID": "33889657-6644-464f-b76d-30441125c0dc",
              "isHook": false,
              "skipped": false
            },
            {
              "title": "arraySort([\"bd\", \"cs\", \"bc\", 5, \"aa\", \"张三\", \"fg\", \"张四\", \"as\", \"gg\", \"陈大\", 23],{mode:'desc'}) 结果为 [\"gg\", \"fg\", \"cs\", \"bd\", \"bc\", \"as\", \"aa\", \"张四\", \"张三\", \"陈大\", 23, 5]",
              "fullTitle": "arraySort 函数测试 arraySort([\"bd\", \"cs\", \"bc\", 5, \"aa\", \"张三\", \"fg\", \"张四\", \"as\", \"gg\", \"陈大\", 23],{mode:'desc'}) 结果为 [\"gg\", \"fg\", \"cs\", \"bd\", \"bc\", \"as\", \"aa\", \"张四\", \"张三\", \"陈大\", 23, 5]",
              "timedOut": false,
              "duration": 0,
              "state": "passed",
              "speed": "fast",
              "pass": true,
              "fail": false,
              "pending": false,
              "context": null,
              "code": "chai_1.expect(arraySort_1.arraySort([\"bd\", \"cs\", \"bc\", 5, \"aa\", \"张三\", \"fg\", \"张四\", \"as\", \"gg\", \"陈大\", 23], { mode: \"desc\" })).to.be.deep.equal([\"gg\", \"fg\", \"cs\", \"bd\", \"bc\", \"as\", \"aa\", \"张四\", \"张三\", \"陈大\", 23, 5]);",
              "err": {},
              "uuid": "c9e5b4a3-1653-48ad-ab1b-2645a3666e41",
              "parentUUID": "33889657-6644-464f-b76d-30441125c0dc",
              "isHook": false,
              "skipped": false
            },
            {
              "title": "arraySort([1, 2, 3, 5, 9, 89, 66, 37, 5, 69],{mode:'desc'}) 结果为 [ 89, 69, 66, 37, 9, 5, 5, 3, 2, 1 ]",
              "fullTitle": "arraySort 函数测试 arraySort([1, 2, 3, 5, 9, 89, 66, 37, 5, 69],{mode:'desc'}) 结果为 [ 89, 69, 66, 37, 9, 5, 5, 3, 2, 1 ]",
              "timedOut": false,
              "duration": 0,
              "state": "passed",
              "speed": "fast",
              "pass": true,
              "fail": false,
              "pending": false,
              "context": null,
              "code": "chai_1.expect(arraySort_1.arraySort([1, 2, 3, 5, 9, 89, 66, 37, 5, 69], { mode: \"desc\" })).to.be.deep.equal([89, 69, 66, 37, 9, 5, 5, 3, 2, 1]);",
              "err": {},
              "uuid": "690d163d-08dd-4e53-bd11-16eec0fc31d7",
              "parentUUID": "33889657-6644-464f-b76d-30441125c0dc",
              "isHook": false,
              "skipped": false
            },
            {
              "title": "arraySort([1, 2, 3, 5, 9, 89, 66, 37, 5, 69],{mode:'asc'}) 结果为  [ 1, 2, 3, 5, 5, 9, 37, 66, 69, 89 ]",
              "fullTitle": "arraySort 函数测试 arraySort([1, 2, 3, 5, 9, 89, 66, 37, 5, 69],{mode:'asc'}) 结果为  [ 1, 2, 3, 5, 5, 9, 37, 66, 69, 89 ]",
              "timedOut": false,
              "duration": 0,
              "state": "passed",
              "speed": "fast",
              "pass": true,
              "fail": false,
              "pending": false,
              "context": null,
              "code": "chai_1.expect(arraySort_1.arraySort([1, 2, 3, 5, 9, 89, 66, 37, 5, 69], { mode: \"asc\" })).to.be.deep.equal([1, 2, 3, 5, 5, 9, 37, 66, 69, 89]);",
              "err": {},
              "uuid": "6aa1f908-c6c3-40b4-9965-6404db1c9555",
              "parentUUID": "33889657-6644-464f-b76d-30441125c0dc",
              "isHook": false,
              "skipped": false
            },
            {
              "title": "arraySort([\"dfa\", \"sd\", \"bt\", \"aa\", \"ebe\", \"sg\"],{mode:'asc'}) 结果为  [\"aa\", \"bt\", \"dfa\", \"ebe\", \"sd\", \"sg\"]",
              "fullTitle": "arraySort 函数测试 arraySort([\"dfa\", \"sd\", \"bt\", \"aa\", \"ebe\", \"sg\"],{mode:'asc'}) 结果为  [\"aa\", \"bt\", \"dfa\", \"ebe\", \"sd\", \"sg\"]",
              "timedOut": false,
              "duration": 0,
              "state": "passed",
              "speed": "fast",
              "pass": true,
              "fail": false,
              "pending": false,
              "context": null,
              "code": "chai_1.expect(arraySort_1.arraySort([\"dfa\", \"sd\", \"bt\", \"aa\", \"ebe\", \"sg\"], { mode: \"asc\" })).to.be.deep.equal([\"aa\", \"bt\", \"dfa\", \"ebe\", \"sd\", \"sg\"]);",
              "err": {},
              "uuid": "60fa471b-8c2a-423d-9754-bdd188261021",
              "parentUUID": "33889657-6644-464f-b76d-30441125c0dc",
              "isHook": false,
              "skipped": false
            },
            {
              "title": "arraySort([\"张三\", \"李四\", \"王五\", \"赵六\", \"孙七\", \"周八\", \"吴九\", \"郑十\"],{mode:'asc'}) 结果为  [\"李四\", \"孙七\", \"王五\", \"吴九\", \"张三\", \"赵六\", \"郑十\", \"周八\"]",
              "fullTitle": "arraySort 函数测试 arraySort([\"张三\", \"李四\", \"王五\", \"赵六\", \"孙七\", \"周八\", \"吴九\", \"郑十\"],{mode:'asc'}) 结果为  [\"李四\", \"孙七\", \"王五\", \"吴九\", \"张三\", \"赵六\", \"郑十\", \"周八\"]",
              "timedOut": false,
              "duration": 1,
              "state": "passed",
              "speed": "fast",
              "pass": true,
              "fail": false,
              "pending": false,
              "context": null,
              "code": "chai_1.expect(arraySort_1.arraySort([\"张三\", \"李四\", \"王五\", \"赵六\", \"孙七\", \"周八\", \"吴九\", \"郑十\"], { mode: \"asc\" })).to.be.deep.equal([\"李四\", \"孙七\", \"王五\", \"吴九\", \"张三\", \"赵六\", \"郑十\", \"周八\"]);",
              "err": {},
              "uuid": "cd452501-fcbc-4bf4-9348-cfabbed1c144",
              "parentUUID": "33889657-6644-464f-b76d-30441125c0dc",
              "isHook": false,
              "skipped": false
            }
          ],
          "suites": [],
          "passes": [
            "087d94f3-14cc-40da-a4af-edb59ae63634",
            "98de70c7-371e-4378-8364-725b778b1437",
            "a34eb9de-68f7-4e28-bdc7-08e1fb288f91",
            "bf2fd10b-011c-4b84-a0fe-6e809221542d",
            "218e0d59-6c38-45ed-9138-52a636e3e1c8",
            "54b41c97-ba0a-4a50-b00b-2ba76e92e081",
            "39a1161c-3566-45f9-9247-363f8fb4431c",
            "c9e5b4a3-1653-48ad-ab1b-2645a3666e41",
            "690d163d-08dd-4e53-bd11-16eec0fc31d7",
            "6aa1f908-c6c3-40b4-9965-6404db1c9555",
            "60fa471b-8c2a-423d-9754-bdd188261021",
            "cd452501-fcbc-4bf4-9348-cfabbed1c144"
          ],
          "failures": [],
          "pending": [],
          "skipped": [],
          "duration": 4,
          "root": false,
          "rootEmpty": false,
          "_timeout": 2000
        },
        {
          "uuid": "6fcddd80-699d-4d0b-8253-69e0b3dcfc5c",
          "title": "arrayUnique 函数测试",
          "fullFile": "/Users/kakaniva/Documents/Sourcetree/kacore/src/array/arrayUnique.spec.ts",
          "file": "/src/array/arrayUnique.spec.ts",
          "beforeHooks": [],
          "afterHooks": [],
          "tests": [
            {
              "title": "arrayUnique([1,2,3,4,2,5,6,8,'2']) 结果为 [1,2,3,4,5,6,8,'2']",
              "fullTitle": "arrayUnique 函数测试 arrayUnique([1,2,3,4,2,5,6,8,'2']) 结果为 [1,2,3,4,5,6,8,'2']",
              "timedOut": false,
              "duration": 1,
              "state": "passed",
              "speed": "fast",
              "pass": true,
              "fail": false,
              "pending": false,
              "context": null,
              "code": "chai_1.expect(arrayUnique_1.arrayUnique([1, 2, 3, 4, 2, 5, 6, 8, \"2\"])).to.have.members([1, 2, 4, 3, 5, 6, 8, \"2\"]);",
              "err": {},
              "uuid": "d5fcb30a-2774-4c56-b145-0e986abc0533",
              "parentUUID": "6fcddd80-699d-4d0b-8253-69e0b3dcfc5c",
              "isHook": false,
              "skipped": false
            },
            {
              "title": "arrayUnique([{a:1},{a:2},{a:1}]) 结果为 [{a:1},{a:2},{a:1}]",
              "fullTitle": "arrayUnique 函数测试 arrayUnique([{a:1},{a:2},{a:1}]) 结果为 [{a:1},{a:2},{a:1}]",
              "timedOut": false,
              "duration": 0,
              "state": "passed",
              "speed": "fast",
              "pass": true,
              "fail": false,
              "pending": false,
              "context": null,
              "code": "chai_1.expect(arrayUnique_1.arrayUnique([{ a: 1 }, { a: 2 }, { a: 1 }])).to.have.deep.members([{ a: 2 }, { a: 1 }, { a: 1 }]);",
              "err": {},
              "uuid": "63691fb6-7bc8-40f1-9db6-eb0b95b68562",
              "parentUUID": "6fcddd80-699d-4d0b-8253-69e0b3dcfc5c",
              "isHook": false,
              "skipped": false
            },
            {
              "title": "arrayUnique([{a:1},{a:2},{a:1}],'a') 结果为 [{a:1},{a:2}]",
              "fullTitle": "arrayUnique 函数测试 arrayUnique([{a:1},{a:2},{a:1}],'a') 结果为 [{a:1},{a:2}]",
              "timedOut": false,
              "duration": 0,
              "state": "passed",
              "speed": "fast",
              "pass": true,
              "fail": false,
              "pending": false,
              "context": null,
              "code": "chai_1.expect(arrayUnique_1.arrayUnique([{ a: 1 }, { a: 2 }, { a: 1 }], \"a\")).to.have.deep.members([{ a: 1 }, { a: 2 }]);",
              "err": {},
              "uuid": "f4302228-9015-4202-8be9-695d4b7c6021",
              "parentUUID": "6fcddd80-699d-4d0b-8253-69e0b3dcfc5c",
              "isHook": false,
              "skipped": false
            },
            {
              "title": "arrayUnique([{a:1},{a:2},{a:1},{a:3},{a:'3'}],'a') 结果为 [{a:1},{a:2},{a:3},{a:'3'}]",
              "fullTitle": "arrayUnique 函数测试 arrayUnique([{a:1},{a:2},{a:1},{a:3},{a:'3'}],'a') 结果为 [{a:1},{a:2},{a:3},{a:'3'}]",
              "timedOut": false,
              "duration": 0,
              "state": "passed",
              "speed": "fast",
              "pass": true,
              "fail": false,
              "pending": false,
              "context": null,
              "code": "chai_1.expect(arrayUnique_1.arrayUnique([{ a: 1 }, { a: 2 }, { a: 1 }, { a: 3 }, { a: \"3\" }], \"a\")).to.have.deep.members([{ a: 1 }, { a: 2 }, { a: 3 }, { a: \"3\" }]);",
              "err": {},
              "uuid": "825fc90d-eb5d-415c-a80e-6c1ffe5fe837",
              "parentUUID": "6fcddd80-699d-4d0b-8253-69e0b3dcfc5c",
              "isHook": false,
              "skipped": false
            },
            {
              "title": "arrayUnique([null,undefined,'a','',null,null,undefined,'',2]) 结果为 [null,undefined,'a','',2]",
              "fullTitle": "arrayUnique 函数测试 arrayUnique([null,undefined,'a','',null,null,undefined,'',2]) 结果为 [null,undefined,'a','',2]",
              "timedOut": false,
              "duration": 0,
              "state": "passed",
              "speed": "fast",
              "pass": true,
              "fail": false,
              "pending": false,
              "context": null,
              "code": "chai_1.expect(arrayUnique_1.arrayUnique([null, undefined, \"a\", \"\", null, null, undefined, \"\", 2])).to.have.deep.members([null, undefined, \"a\", \"\", 2]);",
              "err": {},
              "uuid": "122977bf-fca3-4bd0-9ccd-9190994ba0d5",
              "parentUUID": "6fcddd80-699d-4d0b-8253-69e0b3dcfc5c",
              "isHook": false,
              "skipped": false
            }
          ],
          "suites": [],
          "passes": [
            "d5fcb30a-2774-4c56-b145-0e986abc0533",
            "63691fb6-7bc8-40f1-9db6-eb0b95b68562",
            "f4302228-9015-4202-8be9-695d4b7c6021",
            "825fc90d-eb5d-415c-a80e-6c1ffe5fe837",
            "122977bf-fca3-4bd0-9ccd-9190994ba0d5"
          ],
          "failures": [],
          "pending": [],
          "skipped": [],
          "duration": 1,
          "root": false,
          "rootEmpty": false,
          "_timeout": 2000
        },
        {
          "uuid": "b6b1800b-fe0f-4340-ab31-1e5725dc9da1",
          "title": "Countdown 类测试",
          "fullFile": "/Users/kakaniva/Documents/Sourcetree/kacore/src/date/Countdown.spec.ts",
          "file": "/src/date/Countdown.spec.ts",
          "beforeHooks": [],
          "afterHooks": [],
          "tests": [
            {
              "title": "new Countdown(5) 5秒倒计时测试",
              "fullTitle": "Countdown 类测试 new Countdown(5) 5秒倒计时测试",
              "timedOut": false,
              "duration": 5026,
              "state": "passed",
              "speed": "slow",
              "pass": true,
              "fail": false,
              "pending": false,
              "context": null,
              "code": "this.timeout(100000);\nlet c = new Countdown_1.Countdown(5);\nc.run((t) => {\n    console.log(t);\n    if (t <= 0) {\n        done();\n    }\n});",
              "err": {},
              "uuid": "7cf42ca7-a50b-4d3b-a2c8-672a5eefcf9c",
              "parentUUID": "b6b1800b-fe0f-4340-ab31-1e5725dc9da1",
              "isHook": false,
              "skipped": false
            },
            {
              "title": "new Countdown(10) 10秒倒计时测试",
              "fullTitle": "Countdown 类测试 new Countdown(10) 10秒倒计时测试",
              "timedOut": false,
              "duration": 6027,
              "state": "passed",
              "speed": "slow",
              "pass": true,
              "fail": false,
              "pending": false,
              "context": null,
              "code": "this.timeout(110000);\nlet c = new Countdown_1.Countdown(10);\nc.run((t) => {\n    console.log(t);\n    if (t == 8) {\n        c.reset(4, 1);\n    }\n    if (t <= 0) {\n        done();\n    }\n});",
              "err": {},
              "uuid": "d84f423e-3737-444a-a2d9-d7d88ce4c169",
              "parentUUID": "b6b1800b-fe0f-4340-ab31-1e5725dc9da1",
              "isHook": false,
              "skipped": false
            }
          ],
          "suites": [],
          "passes": [
            "7cf42ca7-a50b-4d3b-a2c8-672a5eefcf9c",
            "d84f423e-3737-444a-a2d9-d7d88ce4c169"
          ],
          "failures": [],
          "pending": [],
          "skipped": [],
          "duration": 11053,
          "root": false,
          "rootEmpty": false,
          "_timeout": 2000
        },
        {
          "uuid": "5258e7a8-6213-4b10-9013-b30505e87c73",
          "title": "dateFormat 函数测试",
          "fullFile": "/Users/kakaniva/Documents/Sourcetree/kacore/src/date/dateFormat.spec.ts",
          "file": "/src/date/dateFormat.spec.ts",
          "beforeHooks": [],
          "afterHooks": [],
          "tests": [
            {
              "title": "dateFormat(new Date(1597131200000),'YYYY-mm-dd HH:MM') 结果为 2020-08-11 15:33",
              "fullTitle": "dateFormat 函数测试 dateFormat(new Date(1597131200000),'YYYY-mm-dd HH:MM') 结果为 2020-08-11 15:33",
              "timedOut": false,
              "duration": 2,
              "state": "passed",
              "speed": "fast",
              "pass": true,
              "fail": false,
              "pending": false,
              "context": null,
              "code": "chai_1.expect(dateFormat_1.dateFormat(new Date(1597131200000), 'YYYY-mm-dd HH:MM')).to.be.equal(\"2020-08-11 15:33\");",
              "err": {},
              "uuid": "768ab558-5eea-4944-af7f-8ea1afcfd4ce",
              "parentUUID": "5258e7a8-6213-4b10-9013-b30505e87c73",
              "isHook": false,
              "skipped": false
            },
            {
              "title": "dateFormat(new Date(1597131200000),'YYYY-mm-dd') 结果为 2020-08-11",
              "fullTitle": "dateFormat 函数测试 dateFormat(new Date(1597131200000),'YYYY-mm-dd') 结果为 2020-08-11",
              "timedOut": false,
              "duration": 0,
              "state": "passed",
              "speed": "fast",
              "pass": true,
              "fail": false,
              "pending": false,
              "context": null,
              "code": "chai_1.expect(dateFormat_1.dateFormat(new Date(1597131200000), 'YYYY-mm-dd')).to.be.equal(\"2020-08-11\");",
              "err": {},
              "uuid": "cefd0148-ad54-4427-bc6b-245cfe8c2ec5",
              "parentUUID": "5258e7a8-6213-4b10-9013-b30505e87c73",
              "isHook": false,
              "skipped": false
            }
          ],
          "suites": [],
          "passes": [
            "768ab558-5eea-4944-af7f-8ea1afcfd4ce",
            "cefd0148-ad54-4427-bc6b-245cfe8c2ec5"
          ],
          "failures": [],
          "pending": [],
          "skipped": [],
          "duration": 2,
          "root": false,
          "rootEmpty": false,
          "_timeout": 2000
        },
        {
          "uuid": "06ac16f1-2d19-4842-aeba-89c08639408b",
          "title": "delay 相关测试",
          "fullFile": "/Users/kakaniva/Documents/Sourcetree/kacore/src/date/delay.spec.ts",
          "file": "/src/date/delay.spec.ts",
          "beforeHooks": [],
          "afterHooks": [],
          "tests": [
            {
              "title": "delay(3000) 结果为 true",
              "fullTitle": "delay 相关测试 delay(3000) 结果为 true",
              "timedOut": false,
              "duration": 3002,
              "state": "passed",
              "speed": "slow",
              "pass": true,
              "fail": false,
              "pending": false,
              "context": null,
              "code": "this.timeout(4000);\nawait delay_1.delay(3000);\nreturn true;",
              "err": {},
              "uuid": "58877516-867a-47fc-aaac-562a6707b5d4",
              "parentUUID": "06ac16f1-2d19-4842-aeba-89c08639408b",
              "isHook": false,
              "skipped": false
            }
          ],
          "suites": [],
          "passes": [
            "58877516-867a-47fc-aaac-562a6707b5d4"
          ],
          "failures": [],
          "pending": [],
          "skipped": [],
          "duration": 3002,
          "root": false,
          "rootEmpty": false,
          "_timeout": 2000
        },
        {
          "uuid": "5200b41c-8cd1-4416-9298-008319489f70",
          "title": "getCurrentTime 函数测试",
          "fullFile": "/Users/kakaniva/Documents/Sourcetree/kacore/src/date/getCurrentTime.spec.ts",
          "file": "/src/date/getCurrentTime.spec.ts",
          "beforeHooks": [],
          "afterHooks": [],
          "tests": [
            {
              "title": "getCurrentTime()",
              "fullTitle": "getCurrentTime 函数测试 getCurrentTime()",
              "timedOut": false,
              "duration": 1,
              "state": "passed",
              "speed": "fast",
              "pass": true,
              "fail": false,
              "pending": false,
              "context": null,
              "code": "chai_1.expect(getCurrentTime_1.getCurrentTime() instanceof Date).to.be.true;",
              "err": {},
              "uuid": "f4b7e3bd-100e-4467-9335-58513a791735",
              "parentUUID": "5200b41c-8cd1-4416-9298-008319489f70",
              "isHook": false,
              "skipped": false
            },
            {
              "title": "getCurrentTime(true)",
              "fullTitle": "getCurrentTime 函数测试 getCurrentTime(true)",
              "timedOut": false,
              "duration": 1,
              "state": "passed",
              "speed": "fast",
              "pass": true,
              "fail": false,
              "pending": false,
              "context": null,
              "code": "chai_1.expect(typeof getCurrentTime_1.getCurrentTime(true)).to.be.equal(\"number\");",
              "err": {},
              "uuid": "c124cad5-62d1-4c80-b5f9-4ac3de735d2b",
              "parentUUID": "5200b41c-8cd1-4416-9298-008319489f70",
              "isHook": false,
              "skipped": false
            }
          ],
          "suites": [],
          "passes": [
            "f4b7e3bd-100e-4467-9335-58513a791735",
            "c124cad5-62d1-4c80-b5f9-4ac3de735d2b"
          ],
          "failures": [],
          "pending": [],
          "skipped": [],
          "duration": 2,
          "root": false,
          "rootEmpty": false,
          "_timeout": 2000
        },
        {
          "uuid": "e18e8ea4-790e-4452-930f-a36acca669c6",
          "title": "Timer 相关测试",
          "fullFile": "/Users/kakaniva/Documents/Sourcetree/kacore/src/date/Timer.spec.ts",
          "file": "/src/date/Timer.spec.ts",
          "beforeHooks": [],
          "afterHooks": [],
          "tests": [
            {
              "title": "new Timer()",
              "fullTitle": "Timer 相关测试 new Timer()",
              "timedOut": false,
              "duration": 3004,
              "state": "passed",
              "speed": "slow",
              "pass": true,
              "fail": false,
              "pending": false,
              "context": null,
              "code": "this.timeout(4000);\nlet t = new Timer_1.Timer();\nt.start();\nawait delay_1.delay(3000);\nlet s = await t.step();\nconsole.log(`经过${s}毫秒`);\nt.stop();\nreturn s;",
              "err": {},
              "uuid": "5eb3a98a-dbfc-4232-86ed-14bbd41b56c6",
              "parentUUID": "e18e8ea4-790e-4452-930f-a36acca669c6",
              "isHook": false,
              "skipped": false
            }
          ],
          "suites": [],
          "passes": [
            "5eb3a98a-dbfc-4232-86ed-14bbd41b56c6"
          ],
          "failures": [],
          "pending": [],
          "skipped": [],
          "duration": 3004,
          "root": false,
          "rootEmpty": false,
          "_timeout": 2000
        },
        {
          "uuid": "79cffaf1-d2b9-4260-940c-2654de5c101f",
          "title": "isArray 函数测试",
          "fullFile": "/Users/kakaniva/Documents/Sourcetree/kacore/src/is/isArray.spec.ts",
          "file": "/src/is/isArray.spec.ts",
          "beforeHooks": [],
          "afterHooks": [],
          "tests": [
            {
              "title": "isArray('something') 结果为 false",
              "fullTitle": "isArray 函数测试 isArray('something') 结果为 false",
              "timedOut": false,
              "duration": 1,
              "state": "passed",
              "speed": "fast",
              "pass": true,
              "fail": false,
              "pending": false,
              "context": null,
              "code": "chai_1.expect(isArray_1.isArray(\"something\")).to.be.false;",
              "err": {},
              "uuid": "9d5b3861-5df5-4d17-8927-c6ce92cd215f",
              "parentUUID": "79cffaf1-d2b9-4260-940c-2654de5c101f",
              "isHook": false,
              "skipped": false
            },
            {
              "title": "isArray(123456) 结果为 false",
              "fullTitle": "isArray 函数测试 isArray(123456) 结果为 false",
              "timedOut": false,
              "duration": 0,
              "state": "passed",
              "speed": "fast",
              "pass": true,
              "fail": false,
              "pending": false,
              "context": null,
              "code": "chai_1.expect(isArray_1.isArray(123456)).to.be.false;",
              "err": {},
              "uuid": "f1aac7b9-f5e5-4edf-aa48-4c4827aece05",
              "parentUUID": "79cffaf1-d2b9-4260-940c-2654de5c101f",
              "isHook": false,
              "skipped": false
            },
            {
              "title": "isArray([1,2,3]) 结果为 true",
              "fullTitle": "isArray 函数测试 isArray([1,2,3]) 结果为 true",
              "timedOut": false,
              "duration": 0,
              "state": "passed",
              "speed": "fast",
              "pass": true,
              "fail": false,
              "pending": false,
              "context": null,
              "code": "chai_1.expect(isArray_1.isArray([1, 2, 3])).to.be.true;",
              "err": {},
              "uuid": "d7075082-7d5e-4d1e-819c-b847a18cc463",
              "parentUUID": "79cffaf1-d2b9-4260-940c-2654de5c101f",
              "isHook": false,
              "skipped": false
            },
            {
              "title": "isArray(null) 结果为 false",
              "fullTitle": "isArray 函数测试 isArray(null) 结果为 false",
              "timedOut": false,
              "duration": 0,
              "state": "passed",
              "speed": "fast",
              "pass": true,
              "fail": false,
              "pending": false,
              "context": null,
              "code": "chai_1.expect(isArray_1.isArray(null)).to.be.false;",
              "err": {},
              "uuid": "b25ccfd8-6084-484d-bf6a-0ddcda6bae2d",
              "parentUUID": "79cffaf1-d2b9-4260-940c-2654de5c101f",
              "isHook": false,
              "skipped": false
            },
            {
              "title": "isArray([]) 结果为 true",
              "fullTitle": "isArray 函数测试 isArray([]) 结果为 true",
              "timedOut": false,
              "duration": 0,
              "state": "passed",
              "speed": "fast",
              "pass": true,
              "fail": false,
              "pending": false,
              "context": null,
              "code": "chai_1.expect(isArray_1.isArray([])).to.be.true;",
              "err": {},
              "uuid": "4697d961-f375-4159-9327-a8e36c1b1690",
              "parentUUID": "79cffaf1-d2b9-4260-940c-2654de5c101f",
              "isHook": false,
              "skipped": false
            },
            {
              "title": "isArray([{a:1},{a:2}]) 结果为 true",
              "fullTitle": "isArray 函数测试 isArray([{a:1},{a:2}]) 结果为 true",
              "timedOut": false,
              "duration": 0,
              "state": "passed",
              "speed": "fast",
              "pass": true,
              "fail": false,
              "pending": false,
              "context": null,
              "code": "chai_1.expect(isArray_1.isArray([{ a: 1 }, { a: 2 }])).to.be.true;",
              "err": {},
              "uuid": "c4965663-c1c0-4ecb-ab6a-6b3803149d6a",
              "parentUUID": "79cffaf1-d2b9-4260-940c-2654de5c101f",
              "isHook": false,
              "skipped": false
            },
            {
              "title": "isArray({a:1}}) 结果为 false",
              "fullTitle": "isArray 函数测试 isArray({a:1}}) 结果为 false",
              "timedOut": false,
              "duration": 1,
              "state": "passed",
              "speed": "fast",
              "pass": true,
              "fail": false,
              "pending": false,
              "context": null,
              "code": "chai_1.expect(isArray_1.isArray({ a: 1 })).to.be.false;",
              "err": {},
              "uuid": "b58c97ae-09a3-4d9e-9152-769b4360f563",
              "parentUUID": "79cffaf1-d2b9-4260-940c-2654de5c101f",
              "isHook": false,
              "skipped": false
            },
            {
              "title": "isArray(undefined) 结果为 false",
              "fullTitle": "isArray 函数测试 isArray(undefined) 结果为 false",
              "timedOut": false,
              "duration": 0,
              "state": "passed",
              "speed": "fast",
              "pass": true,
              "fail": false,
              "pending": false,
              "context": null,
              "code": "chai_1.expect(isArray_1.isArray(undefined)).to.be.false;",
              "err": {},
              "uuid": "48d8d8ac-3f31-4cb2-92f8-24cbe9851032",
              "parentUUID": "79cffaf1-d2b9-4260-940c-2654de5c101f",
              "isHook": false,
              "skipped": false
            },
            {
              "title": "isArray.all(undefined,[]) 结果为 false",
              "fullTitle": "isArray 函数测试 isArray.all(undefined,[]) 结果为 false",
              "timedOut": false,
              "duration": 1,
              "state": "passed",
              "speed": "fast",
              "pass": true,
              "fail": false,
              "pending": false,
              "context": null,
              "code": "chai_1.expect(isArray_1.isArray.all(undefined, [])).to.be.false;",
              "err": {},
              "uuid": "731552c2-3ad9-45c1-8301-bbc97dc082d1",
              "parentUUID": "79cffaf1-d2b9-4260-940c-2654de5c101f",
              "isHook": false,
              "skipped": false
            },
            {
              "title": "isArray.or(undefined,[]) 结果为 true",
              "fullTitle": "isArray 函数测试 isArray.or(undefined,[]) 结果为 true",
              "timedOut": false,
              "duration": 0,
              "state": "passed",
              "speed": "fast",
              "pass": true,
              "fail": false,
              "pending": false,
              "context": null,
              "code": "chai_1.expect(isArray_1.isArray.or(undefined, [])).to.be.true;",
              "err": {},
              "uuid": "6095d881-4212-49fc-90f0-70b029f441b6",
              "parentUUID": "79cffaf1-d2b9-4260-940c-2654de5c101f",
              "isHook": false,
              "skipped": false
            }
          ],
          "suites": [],
          "passes": [
            "9d5b3861-5df5-4d17-8927-c6ce92cd215f",
            "f1aac7b9-f5e5-4edf-aa48-4c4827aece05",
            "d7075082-7d5e-4d1e-819c-b847a18cc463",
            "b25ccfd8-6084-484d-bf6a-0ddcda6bae2d",
            "4697d961-f375-4159-9327-a8e36c1b1690",
            "c4965663-c1c0-4ecb-ab6a-6b3803149d6a",
            "b58c97ae-09a3-4d9e-9152-769b4360f563",
            "48d8d8ac-3f31-4cb2-92f8-24cbe9851032",
            "731552c2-3ad9-45c1-8301-bbc97dc082d1",
            "6095d881-4212-49fc-90f0-70b029f441b6"
          ],
          "failures": [],
          "pending": [],
          "skipped": [],
          "duration": 3,
          "root": false,
          "rootEmpty": false,
          "_timeout": 2000
        },
        {
          "uuid": "ad7b2441-cd3d-4c7f-ab87-4f6cd0b576cf",
          "title": "isDeepEqual 函数测试",
          "fullFile": "/Users/kakaniva/Documents/Sourcetree/kacore/src/is/isDeepEqual.spec.ts",
          "file": "/src/is/isDeepEqual.spec.ts",
          "beforeHooks": [],
          "afterHooks": [],
          "tests": [
            {
              "title": "isDeepEqual(1,1) 结果为 true",
              "fullTitle": "isDeepEqual 函数测试 isDeepEqual(1,1) 结果为 true",
              "timedOut": false,
              "duration": 0,
              "state": "passed",
              "speed": "fast",
              "pass": true,
              "fail": false,
              "pending": false,
              "context": null,
              "code": "chai_1.expect(isDeepEqual_1.isDeepEqual(1, 1)).to.be.true;",
              "err": {},
              "uuid": "214a8339-7e2e-49e8-8bc3-3947329ec732",
              "parentUUID": "ad7b2441-cd3d-4c7f-ab87-4f6cd0b576cf",
              "isHook": false,
              "skipped": false
            },
            {
              "title": "isDeepEqual(1,'1') 结果为 false",
              "fullTitle": "isDeepEqual 函数测试 isDeepEqual(1,'1') 结果为 false",
              "timedOut": false,
              "duration": 0,
              "state": "passed",
              "speed": "fast",
              "pass": true,
              "fail": false,
              "pending": false,
              "context": null,
              "code": "chai_1.expect(isDeepEqual_1.isDeepEqual(1, \"1\")).to.be.false;",
              "err": {},
              "uuid": "40c49157-524b-42e5-890a-cd4d73704460",
              "parentUUID": "ad7b2441-cd3d-4c7f-ab87-4f6cd0b576cf",
              "isHook": false,
              "skipped": false
            },
            {
              "title": "isDeepEqual(0,false) 结果为 false",
              "fullTitle": "isDeepEqual 函数测试 isDeepEqual(0,false) 结果为 false",
              "timedOut": false,
              "duration": 0,
              "state": "passed",
              "speed": "fast",
              "pass": true,
              "fail": false,
              "pending": false,
              "context": null,
              "code": "chai_1.expect(isDeepEqual_1.isDeepEqual(0, false)).to.be.false;",
              "err": {},
              "uuid": "aab4bd64-59e6-4852-8a90-222da4a50876",
              "parentUUID": "ad7b2441-cd3d-4c7f-ab87-4f6cd0b576cf",
              "isHook": false,
              "skipped": false
            },
            {
              "title": "isDeepEqual(function(){},function(){}) 结果为 false",
              "fullTitle": "isDeepEqual 函数测试 isDeepEqual(function(){},function(){}) 结果为 false",
              "timedOut": false,
              "duration": 0,
              "state": "passed",
              "speed": "fast",
              "pass": true,
              "fail": false,
              "pending": false,
              "context": null,
              "code": "chai_1.expect(isDeepEqual_1.isDeepEqual(function () { }, function () { })).to.be.false;",
              "err": {},
              "uuid": "a0d263fe-f2c7-4bb0-9355-8f7fbb6a8fa7",
              "parentUUID": "ad7b2441-cd3d-4c7f-ab87-4f6cd0b576cf",
              "isHook": false,
              "skipped": false
            },
            {
              "title": "isDeepEqual([null],[null]) 结果为 true",
              "fullTitle": "isDeepEqual 函数测试 isDeepEqual([null],[null]) 结果为 true",
              "timedOut": false,
              "duration": 0,
              "state": "passed",
              "speed": "fast",
              "pass": true,
              "fail": false,
              "pending": false,
              "context": null,
              "code": "chai_1.expect(isDeepEqual_1.isDeepEqual([null], [null])).to.be.true;",
              "err": {},
              "uuid": "83d26b00-ff6c-4bf5-85d0-3377e0e09534",
              "parentUUID": "ad7b2441-cd3d-4c7f-ab87-4f6cd0b576cf",
              "isHook": false,
              "skipped": false
            },
            {
              "title": "isDeepEqual([NaN],[NaN]) 结果为 true",
              "fullTitle": "isDeepEqual 函数测试 isDeepEqual([NaN],[NaN]) 结果为 true",
              "timedOut": false,
              "duration": 0,
              "state": "passed",
              "speed": "fast",
              "pass": true,
              "fail": false,
              "pending": false,
              "context": null,
              "code": "chai_1.expect(isDeepEqual_1.isDeepEqual([NaN], [NaN])).to.be.true;",
              "err": {},
              "uuid": "efc8b460-ed9d-466b-8928-bdd1d86f8650",
              "parentUUID": "ad7b2441-cd3d-4c7f-ab87-4f6cd0b576cf",
              "isHook": false,
              "skipped": false
            },
            {
              "title": "isDeepEqual([NaN,null],[NaN,NaN]) 结果为 false",
              "fullTitle": "isDeepEqual 函数测试 isDeepEqual([NaN,null],[NaN,NaN]) 结果为 false",
              "timedOut": false,
              "duration": 0,
              "state": "passed",
              "speed": "fast",
              "pass": true,
              "fail": false,
              "pending": false,
              "context": null,
              "code": "chai_1.expect(isDeepEqual_1.isDeepEqual([NaN, null], [NaN, NaN])).to.be.false;",
              "err": {},
              "uuid": "05959aa8-6f88-4d47-b3ff-b067cf73a845",
              "parentUUID": "ad7b2441-cd3d-4c7f-ab87-4f6cd0b576cf",
              "isHook": false,
              "skipped": false
            },
            {
              "title": "isDeepEqual([NaN,NaN],[NaN,null]) 结果为 false",
              "fullTitle": "isDeepEqual 函数测试 isDeepEqual([NaN,NaN],[NaN,null]) 结果为 false",
              "timedOut": false,
              "duration": 0,
              "state": "passed",
              "speed": "fast",
              "pass": true,
              "fail": false,
              "pending": false,
              "context": null,
              "code": "chai_1.expect(isDeepEqual_1.isDeepEqual([NaN, NaN], [NaN, null])).to.be.false;",
              "err": {},
              "uuid": "af2c1fc8-7b34-4f29-ab29-af68b34c504c",
              "parentUUID": "ad7b2441-cd3d-4c7f-ab87-4f6cd0b576cf",
              "isHook": false,
              "skipped": false
            },
            {
              "title": "isDeepEqual(null,null) 结果为 true",
              "fullTitle": "isDeepEqual 函数测试 isDeepEqual(null,null) 结果为 true",
              "timedOut": false,
              "duration": 0,
              "state": "passed",
              "speed": "fast",
              "pass": true,
              "fail": false,
              "pending": false,
              "context": null,
              "code": "chai_1.expect(isDeepEqual_1.isDeepEqual(null, null)).to.be.true;",
              "err": {},
              "uuid": "78a9dd90-f00d-4268-8085-7a467cc54758",
              "parentUUID": "ad7b2441-cd3d-4c7f-ab87-4f6cd0b576cf",
              "isHook": false,
              "skipped": false
            },
            {
              "title": "isDeepEqual(NaN,NaN) 结果为 true",
              "fullTitle": "isDeepEqual 函数测试 isDeepEqual(NaN,NaN) 结果为 true",
              "timedOut": false,
              "duration": 0,
              "state": "passed",
              "speed": "fast",
              "pass": true,
              "fail": false,
              "pending": false,
              "context": null,
              "code": "chai_1.expect(isDeepEqual_1.isDeepEqual(NaN, NaN)).to.be.true;",
              "err": {},
              "uuid": "d1f676b0-0949-4669-bfd7-45910e352d2d",
              "parentUUID": "ad7b2441-cd3d-4c7f-ab87-4f6cd0b576cf",
              "isHook": false,
              "skipped": false
            },
            {
              "title": "isDeepEqual({a:NaN},{a:NaN}) 结果为 true",
              "fullTitle": "isDeepEqual 函数测试 isDeepEqual({a:NaN},{a:NaN}) 结果为 true",
              "timedOut": false,
              "duration": 0,
              "state": "passed",
              "speed": "fast",
              "pass": true,
              "fail": false,
              "pending": false,
              "context": null,
              "code": "chai_1.expect(isDeepEqual_1.isDeepEqual({ a: NaN }, { a: NaN })).to.be.true;",
              "err": {},
              "uuid": "ce62ad9e-5555-44fb-b936-56018fd1e16d",
              "parentUUID": "ad7b2441-cd3d-4c7f-ab87-4f6cd0b576cf",
              "isHook": false,
              "skipped": false
            },
            {
              "title": "isDeepEqual(undefined,undefined) 结果为 true",
              "fullTitle": "isDeepEqual 函数测试 isDeepEqual(undefined,undefined) 结果为 true",
              "timedOut": false,
              "duration": 0,
              "state": "passed",
              "speed": "fast",
              "pass": true,
              "fail": false,
              "pending": false,
              "context": null,
              "code": "chai_1.expect(isDeepEqual_1.isDeepEqual(undefined, undefined)).to.be.true;",
              "err": {},
              "uuid": "16942933-16ae-4c1d-8bc0-a40843f8d36a",
              "parentUUID": "ad7b2441-cd3d-4c7f-ab87-4f6cd0b576cf",
              "isHook": false,
              "skipped": false
            },
            {
              "title": "isDeepEqual({a:1},{a:1}) 结果为 true",
              "fullTitle": "isDeepEqual 函数测试 isDeepEqual({a:1},{a:1}) 结果为 true",
              "timedOut": false,
              "duration": 1,
              "state": "passed",
              "speed": "fast",
              "pass": true,
              "fail": false,
              "pending": false,
              "context": null,
              "code": "chai_1.expect(isDeepEqual_1.isDeepEqual({ a: 1 }, { a: 1 })).to.be.true;",
              "err": {},
              "uuid": "5034c890-325c-48e1-92b2-3b099ed53b69",
              "parentUUID": "ad7b2441-cd3d-4c7f-ab87-4f6cd0b576cf",
              "isHook": false,
              "skipped": false
            },
            {
              "title": "isDeepEqual({a:1,b:1},{a:1}) 结果为 false",
              "fullTitle": "isDeepEqual 函数测试 isDeepEqual({a:1,b:1},{a:1}) 结果为 false",
              "timedOut": false,
              "duration": 0,
              "state": "passed",
              "speed": "fast",
              "pass": true,
              "fail": false,
              "pending": false,
              "context": null,
              "code": "chai_1.expect(isDeepEqual_1.isDeepEqual({ a: 1, b: 1 }, { a: 1 })).to.be.false;",
              "err": {},
              "uuid": "3cf9104d-c3fd-4c86-8c34-5d04bcd9b8e5",
              "parentUUID": "ad7b2441-cd3d-4c7f-ab87-4f6cd0b576cf",
              "isHook": false,
              "skipped": false
            },
            {
              "title": "isDeepEqual({a:{c:1},b:1},{a:{c:1},b:1}) 结果为 true",
              "fullTitle": "isDeepEqual 函数测试 isDeepEqual({a:{c:1},b:1},{a:{c:1},b:1}) 结果为 true",
              "timedOut": false,
              "duration": 0,
              "state": "passed",
              "speed": "fast",
              "pass": true,
              "fail": false,
              "pending": false,
              "context": null,
              "code": "chai_1.expect(isDeepEqual_1.isDeepEqual({ a: { c: 1 }, b: 1 }, { a: { c: 1 }, b: 1 })).to.be.true;",
              "err": {},
              "uuid": "021189e1-eee6-4a63-80c5-ac47b75bb081",
              "parentUUID": "ad7b2441-cd3d-4c7f-ab87-4f6cd0b576cf",
              "isHook": false,
              "skipped": false
            },
            {
              "title": "isDeepEqual([{a:{b:{c:2}}},{a:3}],[{a:{b:{c:2}}},{a:3}]) 结果为 true",
              "fullTitle": "isDeepEqual 函数测试 isDeepEqual([{a:{b:{c:2}}},{a:3}],[{a:{b:{c:2}}},{a:3}]) 结果为 true",
              "timedOut": false,
              "duration": 0,
              "state": "passed",
              "speed": "fast",
              "pass": true,
              "fail": false,
              "pending": false,
              "context": null,
              "code": "chai_1.expect(isDeepEqual_1.isDeepEqual([{ a: { b: { c: 2 } } }, { a: 3 }], [{ a: { b: { c: 2 } } }, { a: 3 }])).to.be.true;",
              "err": {},
              "uuid": "f127ce84-1090-4aa9-92da-b21430ea1572",
              "parentUUID": "ad7b2441-cd3d-4c7f-ab87-4f6cd0b576cf",
              "isHook": false,
              "skipped": false
            },
            {
              "title": "isDeepEqual([{a:{b:{c:2}}},{a:3}],[{a:{b:{c:2}}},{a:3},2]) 结果为 false",
              "fullTitle": "isDeepEqual 函数测试 isDeepEqual([{a:{b:{c:2}}},{a:3}],[{a:{b:{c:2}}},{a:3},2]) 结果为 false",
              "timedOut": false,
              "duration": 0,
              "state": "passed",
              "speed": "fast",
              "pass": true,
              "fail": false,
              "pending": false,
              "context": null,
              "code": "chai_1.expect(isDeepEqual_1.isDeepEqual([{ a: { b: { c: 2 } } }, { a: 3 }], [{ a: { b: { c: 2 } } }, { a: 3 }, 2])).to.be.false;",
              "err": {},
              "uuid": "980cdfc3-8bc2-4a21-91a2-9cafc2b56a8c",
              "parentUUID": "ad7b2441-cd3d-4c7f-ab87-4f6cd0b576cf",
              "isHook": false,
              "skipped": false
            },
            {
              "title": "isDeepEqual([{a:{b:{c:2}}},{a:3},2],[{a:{b:{c:2}}},{a:3}]) 结果为 false",
              "fullTitle": "isDeepEqual 函数测试 isDeepEqual([{a:{b:{c:2}}},{a:3},2],[{a:{b:{c:2}}},{a:3}]) 结果为 false",
              "timedOut": false,
              "duration": 0,
              "state": "passed",
              "speed": "fast",
              "pass": true,
              "fail": false,
              "pending": false,
              "context": null,
              "code": "chai_1.expect(isDeepEqual_1.isDeepEqual([{ a: { b: { c: 2 } } }, { a: 3 }, 2], [{ a: { b: { c: 2 } } }, { a: 3 }])).to.be.false;",
              "err": {},
              "uuid": "26aa5379-b67b-4f51-92fe-7739f36a963a",
              "parentUUID": "ad7b2441-cd3d-4c7f-ab87-4f6cd0b576cf",
              "isHook": false,
              "skipped": false
            }
          ],
          "suites": [],
          "passes": [
            "214a8339-7e2e-49e8-8bc3-3947329ec732",
            "40c49157-524b-42e5-890a-cd4d73704460",
            "aab4bd64-59e6-4852-8a90-222da4a50876",
            "a0d263fe-f2c7-4bb0-9355-8f7fbb6a8fa7",
            "83d26b00-ff6c-4bf5-85d0-3377e0e09534",
            "efc8b460-ed9d-466b-8928-bdd1d86f8650",
            "05959aa8-6f88-4d47-b3ff-b067cf73a845",
            "af2c1fc8-7b34-4f29-ab29-af68b34c504c",
            "78a9dd90-f00d-4268-8085-7a467cc54758",
            "d1f676b0-0949-4669-bfd7-45910e352d2d",
            "ce62ad9e-5555-44fb-b936-56018fd1e16d",
            "16942933-16ae-4c1d-8bc0-a40843f8d36a",
            "5034c890-325c-48e1-92b2-3b099ed53b69",
            "3cf9104d-c3fd-4c86-8c34-5d04bcd9b8e5",
            "021189e1-eee6-4a63-80c5-ac47b75bb081",
            "f127ce84-1090-4aa9-92da-b21430ea1572",
            "980cdfc3-8bc2-4a21-91a2-9cafc2b56a8c",
            "26aa5379-b67b-4f51-92fe-7739f36a963a"
          ],
          "failures": [],
          "pending": [],
          "skipped": [],
          "duration": 1,
          "root": false,
          "rootEmpty": false,
          "_timeout": 2000
        },
        {
          "uuid": "073e0ace-7add-4e5a-9438-f9094c18afcb",
          "title": "isEmail 函数测试",
          "fullFile": "/Users/kakaniva/Documents/Sourcetree/kacore/src/is/isEmail.spec.ts",
          "file": "/src/is/isEmail.spec.ts",
          "beforeHooks": [],
          "afterHooks": [],
          "tests": [
            {
              "title": "isEmail('123@qq.com') 结果为 true",
              "fullTitle": "isEmail 函数测试 isEmail('123@qq.com') 结果为 true",
              "timedOut": false,
              "duration": 1,
              "state": "passed",
              "speed": "fast",
              "pass": true,
              "fail": false,
              "pending": false,
              "context": null,
              "code": "chai_1.expect(isEmail_1.isEmail(\"123@qq.com\")).to.be.true;",
              "err": {},
              "uuid": "d038b119-a4c4-4464-978f-76e4a4441493",
              "parentUUID": "073e0ace-7add-4e5a-9438-f9094c18afcb",
              "isHook": false,
              "skipped": false
            },
            {
              "title": "isEmail('123@some.com.cn') 结果为 true",
              "fullTitle": "isEmail 函数测试 isEmail('123@some.com.cn') 结果为 true",
              "timedOut": false,
              "duration": 0,
              "state": "passed",
              "speed": "fast",
              "pass": true,
              "fail": false,
              "pending": false,
              "context": null,
              "code": "chai_1.expect(isEmail_1.isEmail(\"123@some.com.cn\")).to.be.true;",
              "err": {},
              "uuid": "35833d2f-e253-4dbc-b600-02dcfd646d9c",
              "parentUUID": "073e0ace-7add-4e5a-9438-f9094c18afcb",
              "isHook": false,
              "skipped": false
            },
            {
              "title": "isEmail('中文@some.com.cn') 结果为 true",
              "fullTitle": "isEmail 函数测试 isEmail('中文@some.com.cn') 结果为 true",
              "timedOut": false,
              "duration": 0,
              "state": "passed",
              "speed": "fast",
              "pass": true,
              "fail": false,
              "pending": false,
              "context": null,
              "code": "chai_1.expect(isEmail_1.isEmail(\"中文@some.com.cn\")).to.be.true;",
              "err": {},
              "uuid": "1946ea71-69ab-4309-8b1c-63c7ec3e15ee",
              "parentUUID": "073e0ace-7add-4e5a-9438-f9094c18afcb",
              "isHook": false,
              "skipped": false
            },
            {
              "title": "isEmail('123.some.com.cn') 结果为 false",
              "fullTitle": "isEmail 函数测试 isEmail('123.some.com.cn') 结果为 false",
              "timedOut": false,
              "duration": 0,
              "state": "passed",
              "speed": "fast",
              "pass": true,
              "fail": false,
              "pending": false,
              "context": null,
              "code": "chai_1.expect(isEmail_1.isEmail(\"123.some.com.cn\")).to.be.false;",
              "err": {},
              "uuid": "c0fb4692-5a86-4d54-bd54-d7657462c46e",
              "parentUUID": "073e0ace-7add-4e5a-9438-f9094c18afcb",
              "isHook": false,
              "skipped": false
            },
            {
              "title": "isEmail('123@中文.cn') 结果为 false",
              "fullTitle": "isEmail 函数测试 isEmail('123@中文.cn') 结果为 false",
              "timedOut": false,
              "duration": 0,
              "state": "passed",
              "speed": "fast",
              "pass": true,
              "fail": false,
              "pending": false,
              "context": null,
              "code": "chai_1.expect(isEmail_1.isEmail(\"123@中文.cn\")).to.be.false;",
              "err": {},
              "uuid": "ea389a72-235b-484b-ab2f-dd3bee276d11",
              "parentUUID": "073e0ace-7add-4e5a-9438-f9094c18afcb",
              "isHook": false,
              "skipped": false
            },
            {
              "title": "isEmail('123@cn') 结果为 false",
              "fullTitle": "isEmail 函数测试 isEmail('123@cn') 结果为 false",
              "timedOut": false,
              "duration": 0,
              "state": "passed",
              "speed": "fast",
              "pass": true,
              "fail": false,
              "pending": false,
              "context": null,
              "code": "chai_1.expect(isEmail_1.isEmail(\"123@cn\")).to.be.false;",
              "err": {},
              "uuid": "e40bb161-a277-44b7-acd6-2f5ecd12a376",
              "parentUUID": "073e0ace-7add-4e5a-9438-f9094c18afcb",
              "isHook": false,
              "skipped": false
            },
            {
              "title": "isEmail('123@mm?1.cn') 结果为 false",
              "fullTitle": "isEmail 函数测试 isEmail('123@mm?1.cn') 结果为 false",
              "timedOut": false,
              "duration": 0,
              "state": "passed",
              "speed": "fast",
              "pass": true,
              "fail": false,
              "pending": false,
              "context": null,
              "code": "chai_1.expect(isEmail_1.isEmail(\"123@mm?1.cn\")).to.be.false;",
              "err": {},
              "uuid": "fd2efb4d-ecb0-4480-b54e-dd8061333428",
              "parentUUID": "073e0ace-7add-4e5a-9438-f9094c18afcb",
              "isHook": false,
              "skipped": false
            },
            {
              "title": "isEmail('123@mm-1.cn') 结果为 true",
              "fullTitle": "isEmail 函数测试 isEmail('123@mm-1.cn') 结果为 true",
              "timedOut": false,
              "duration": 0,
              "state": "passed",
              "speed": "fast",
              "pass": true,
              "fail": false,
              "pending": false,
              "context": null,
              "code": "chai_1.expect(isEmail_1.isEmail(\"123@mm-1.cn\")).to.be.true;",
              "err": {},
              "uuid": "73fc6fe6-bcab-4c4f-b9b8-8ab11474b1ff",
              "parentUUID": "073e0ace-7add-4e5a-9438-f9094c18afcb",
              "isHook": false,
              "skipped": false
            },
            {
              "title": "isEmail('123-t@mm-1.cn') 结果为 true",
              "fullTitle": "isEmail 函数测试 isEmail('123-t@mm-1.cn') 结果为 true",
              "timedOut": false,
              "duration": 0,
              "state": "passed",
              "speed": "fast",
              "pass": true,
              "fail": false,
              "pending": false,
              "context": null,
              "code": "chai_1.expect(isEmail_1.isEmail(\"123-t@mm-1.cn\")).to.be.true;",
              "err": {},
              "uuid": "bf8b1ffa-661f-4729-90f9-d2f8596b6c66",
              "parentUUID": "073e0ace-7add-4e5a-9438-f9094c18afcb",
              "isHook": false,
              "skipped": false
            },
            {
              "title": "isEmail('123_t@mm-1.cn') 结果为 true",
              "fullTitle": "isEmail 函数测试 isEmail('123_t@mm-1.cn') 结果为 true",
              "timedOut": false,
              "duration": 0,
              "state": "passed",
              "speed": "fast",
              "pass": true,
              "fail": false,
              "pending": false,
              "context": null,
              "code": "chai_1.expect(isEmail_1.isEmail(\"123_t@mm-1.cn\")).to.be.true;",
              "err": {},
              "uuid": "72de636f-3ada-479d-a25d-960d8a5474d7",
              "parentUUID": "073e0ace-7add-4e5a-9438-f9094c18afcb",
              "isHook": false,
              "skipped": false
            },
            {
              "title": "isEmail('test.123.t@mm-1.cn') 结果为 true",
              "fullTitle": "isEmail 函数测试 isEmail('test.123.t@mm-1.cn') 结果为 true",
              "timedOut": false,
              "duration": 0,
              "state": "passed",
              "speed": "fast",
              "pass": true,
              "fail": false,
              "pending": false,
              "context": null,
              "code": "chai_1.expect(isEmail_1.isEmail(\"test.123.t@mm-1.cn\")).to.be.true;",
              "err": {},
              "uuid": "f51d9cb5-d5cc-4d5d-b21d-a9d188b326b4",
              "parentUUID": "073e0ace-7add-4e5a-9438-f9094c18afcb",
              "isHook": false,
              "skipped": false
            },
            {
              "title": "isEmail.all('test.123.t@mm-1.cn','123') 结果为 false",
              "fullTitle": "isEmail 函数测试 isEmail.all('test.123.t@mm-1.cn','123') 结果为 false",
              "timedOut": false,
              "duration": 0,
              "state": "passed",
              "speed": "fast",
              "pass": true,
              "fail": false,
              "pending": false,
              "context": null,
              "code": "chai_1.expect(isEmail_1.isEmail.all(\"test.123.t@mm-1.cn\", \"123\")).to.be.false;",
              "err": {},
              "uuid": "031d6958-4de0-4a4b-9114-1ed1512225da",
              "parentUUID": "073e0ace-7add-4e5a-9438-f9094c18afcb",
              "isHook": false,
              "skipped": false
            },
            {
              "title": "isEmail.or('test.123.t@mm-1.cn','123') 结果为 true",
              "fullTitle": "isEmail 函数测试 isEmail.or('test.123.t@mm-1.cn','123') 结果为 true",
              "timedOut": false,
              "duration": 0,
              "state": "passed",
              "speed": "fast",
              "pass": true,
              "fail": false,
              "pending": false,
              "context": null,
              "code": "chai_1.expect(isEmail_1.isEmail.or(\"test.123.t@mm-1.cn\", \"123\")).to.be.true;",
              "err": {},
              "uuid": "9dc47a7e-5f03-466a-8246-b0eabf7cfa6e",
              "parentUUID": "073e0ace-7add-4e5a-9438-f9094c18afcb",
              "isHook": false,
              "skipped": false
            }
          ],
          "suites": [],
          "passes": [
            "d038b119-a4c4-4464-978f-76e4a4441493",
            "35833d2f-e253-4dbc-b600-02dcfd646d9c",
            "1946ea71-69ab-4309-8b1c-63c7ec3e15ee",
            "c0fb4692-5a86-4d54-bd54-d7657462c46e",
            "ea389a72-235b-484b-ab2f-dd3bee276d11",
            "e40bb161-a277-44b7-acd6-2f5ecd12a376",
            "fd2efb4d-ecb0-4480-b54e-dd8061333428",
            "73fc6fe6-bcab-4c4f-b9b8-8ab11474b1ff",
            "bf8b1ffa-661f-4729-90f9-d2f8596b6c66",
            "72de636f-3ada-479d-a25d-960d8a5474d7",
            "f51d9cb5-d5cc-4d5d-b21d-a9d188b326b4",
            "031d6958-4de0-4a4b-9114-1ed1512225da",
            "9dc47a7e-5f03-466a-8246-b0eabf7cfa6e"
          ],
          "failures": [],
          "pending": [],
          "skipped": [],
          "duration": 1,
          "root": false,
          "rootEmpty": false,
          "_timeout": 2000
        },
        {
          "uuid": "1126b51a-2df7-47b5-8d69-ced3f1ab3504",
          "title": "isEmpty 函数测试",
          "fullFile": "/Users/kakaniva/Documents/Sourcetree/kacore/src/is/isEmpty.spec.ts",
          "file": "/src/is/isEmpty.spec.ts",
          "beforeHooks": [],
          "afterHooks": [],
          "tests": [
            {
              "title": "isEmpty('some') 结果为 false",
              "fullTitle": "isEmpty 函数测试 isEmpty('some') 结果为 false",
              "timedOut": false,
              "duration": 0,
              "state": "passed",
              "speed": "fast",
              "pass": true,
              "fail": false,
              "pending": false,
              "context": null,
              "code": "chai_1.expect(isEmpty_1.isEmpty(\"some\")).to.be.false;",
              "err": {},
              "uuid": "03a49ef4-085d-4c9c-8229-ade8b32b66d3",
              "parentUUID": "1126b51a-2df7-47b5-8d69-ced3f1ab3504",
              "isHook": false,
              "skipped": false
            },
            {
              "title": "isEmpty(123) 结果为 false",
              "fullTitle": "isEmpty 函数测试 isEmpty(123) 结果为 false",
              "timedOut": false,
              "duration": 0,
              "state": "passed",
              "speed": "fast",
              "pass": true,
              "fail": false,
              "pending": false,
              "context": null,
              "code": "chai_1.expect(isEmpty_1.isEmpty(123)).to.be.false;",
              "err": {},
              "uuid": "c8fb48af-3d7e-4539-9555-05aa11d22f61",
              "parentUUID": "1126b51a-2df7-47b5-8d69-ced3f1ab3504",
              "isHook": false,
              "skipped": false
            },
            {
              "title": "isEmpty([]) 结果为 false",
              "fullTitle": "isEmpty 函数测试 isEmpty([]) 结果为 false",
              "timedOut": false,
              "duration": 0,
              "state": "passed",
              "speed": "fast",
              "pass": true,
              "fail": false,
              "pending": false,
              "context": null,
              "code": "chai_1.expect(isEmpty_1.isEmpty([])).to.be.false;",
              "err": {},
              "uuid": "d2906d1b-0a50-47b3-8029-9d587b6d4676",
              "parentUUID": "1126b51a-2df7-47b5-8d69-ced3f1ab3504",
              "isHook": false,
              "skipped": false
            },
            {
              "title": "isEmpty({}) 结果为 false",
              "fullTitle": "isEmpty 函数测试 isEmpty({}) 结果为 false",
              "timedOut": false,
              "duration": 0,
              "state": "passed",
              "speed": "fast",
              "pass": true,
              "fail": false,
              "pending": false,
              "context": null,
              "code": "chai_1.expect(isEmpty_1.isEmpty({})).to.be.false;",
              "err": {},
              "uuid": "cf1d829c-8dc1-454b-972e-ed3b4711f4c1",
              "parentUUID": "1126b51a-2df7-47b5-8d69-ced3f1ab3504",
              "isHook": false,
              "skipped": false
            },
            {
              "title": "isEmpty(null) 结果为 true",
              "fullTitle": "isEmpty 函数测试 isEmpty(null) 结果为 true",
              "timedOut": false,
              "duration": 0,
              "state": "passed",
              "speed": "fast",
              "pass": true,
              "fail": false,
              "pending": false,
              "context": null,
              "code": "chai_1.expect(isEmpty_1.isEmpty(null)).to.be.true;",
              "err": {},
              "uuid": "54b22dc9-11a7-4c09-bc33-06afced5977a",
              "parentUUID": "1126b51a-2df7-47b5-8d69-ced3f1ab3504",
              "isHook": false,
              "skipped": false
            },
            {
              "title": "isEmpty(undefined) 结果为 true",
              "fullTitle": "isEmpty 函数测试 isEmpty(undefined) 结果为 true",
              "timedOut": false,
              "duration": 1,
              "state": "passed",
              "speed": "fast",
              "pass": true,
              "fail": false,
              "pending": false,
              "context": null,
              "code": "chai_1.expect(isEmpty_1.isEmpty(undefined)).to.be.true;",
              "err": {},
              "uuid": "fc82381d-6943-40cd-88b2-77a4e033861e",
              "parentUUID": "1126b51a-2df7-47b5-8d69-ced3f1ab3504",
              "isHook": false,
              "skipped": false
            },
            {
              "title": "isEmpty('') 结果为 true",
              "fullTitle": "isEmpty 函数测试 isEmpty('') 结果为 true",
              "timedOut": false,
              "duration": 0,
              "state": "passed",
              "speed": "fast",
              "pass": true,
              "fail": false,
              "pending": false,
              "context": null,
              "code": "chai_1.expect(isEmpty_1.isEmpty(\"\")).to.be.true;",
              "err": {},
              "uuid": "b500890f-54d2-44ba-9514-a2347f9a1000",
              "parentUUID": "1126b51a-2df7-47b5-8d69-ced3f1ab3504",
              "isHook": false,
              "skipped": false
            },
            {
              "title": "isEmpty(0) 结果为 false",
              "fullTitle": "isEmpty 函数测试 isEmpty(0) 结果为 false",
              "timedOut": false,
              "duration": 0,
              "state": "passed",
              "speed": "fast",
              "pass": true,
              "fail": false,
              "pending": false,
              "context": null,
              "code": "chai_1.expect(isEmpty_1.isEmpty(0)).to.be.false;",
              "err": {},
              "uuid": "89d58e89-78d4-489e-ac9c-77d0a8bed295",
              "parentUUID": "1126b51a-2df7-47b5-8d69-ced3f1ab3504",
              "isHook": false,
              "skipped": false
            },
            {
              "title": "isEmpty(NaN) 结果为 false",
              "fullTitle": "isEmpty 函数测试 isEmpty(NaN) 结果为 false",
              "timedOut": false,
              "duration": 0,
              "state": "passed",
              "speed": "fast",
              "pass": true,
              "fail": false,
              "pending": false,
              "context": null,
              "code": "chai_1.expect(isEmpty_1.isEmpty(NaN)).to.be.false;",
              "err": {},
              "uuid": "181aad5b-a3ae-40d8-9472-d8603ee8050d",
              "parentUUID": "1126b51a-2df7-47b5-8d69-ced3f1ab3504",
              "isHook": false,
              "skipped": false
            },
            {
              "title": "isEmpty.all(NaN,11) 结果为 false",
              "fullTitle": "isEmpty 函数测试 isEmpty.all(NaN,11) 结果为 false",
              "timedOut": false,
              "duration": 0,
              "state": "passed",
              "speed": "fast",
              "pass": true,
              "fail": false,
              "pending": false,
              "context": null,
              "code": "chai_1.expect(isEmpty_1.isEmpty.all(NaN, 11)).to.be.false;",
              "err": {},
              "uuid": "4949731e-966a-479e-be0e-4b9f1f3cf60e",
              "parentUUID": "1126b51a-2df7-47b5-8d69-ced3f1ab3504",
              "isHook": false,
              "skipped": false
            },
            {
              "title": "isEmpty.or(null,11) 结果为 true",
              "fullTitle": "isEmpty 函数测试 isEmpty.or(null,11) 结果为 true",
              "timedOut": false,
              "duration": 0,
              "state": "passed",
              "speed": "fast",
              "pass": true,
              "fail": false,
              "pending": false,
              "context": null,
              "code": "chai_1.expect(isEmpty_1.isEmpty.or(null, 11)).to.be.true;",
              "err": {},
              "uuid": "eebba557-7cc3-4b12-aadc-002cc6bd00ec",
              "parentUUID": "1126b51a-2df7-47b5-8d69-ced3f1ab3504",
              "isHook": false,
              "skipped": false
            }
          ],
          "suites": [],
          "passes": [
            "03a49ef4-085d-4c9c-8229-ade8b32b66d3",
            "c8fb48af-3d7e-4539-9555-05aa11d22f61",
            "d2906d1b-0a50-47b3-8029-9d587b6d4676",
            "cf1d829c-8dc1-454b-972e-ed3b4711f4c1",
[...]
              "skipped": false
            },
            {
              "title": "isUndefined.or(12,undefined) 结果为 true",
              "fullTitle": "isUndefined 函数测试 isUndefined.or(12,undefined) 结果为 true",
              "timedOut": false,
              "duration": 0,
              "state": "passed",
              "speed": "fast",
              "pass": true,
              "fail": false,
              "pending": false,
              "context": null,
              "code": "chai_1.expect(isUndefined_1.isUndefined.or(12, undefined)).to.be.true;",
              "err": {},
              "uuid": "93b1958e-357c-4e69-aaaa-1d150cc2acf3",
              "parentUUID": "ab106ab8-3140-4b6c-a796-e6400f6e0e19",
              "isHook": false,
              "skipped": false
            }
          ],
          "suites": [],
          "passes": [
            "ba7cb7a9-28c0-471c-9f2e-a009212b7d3e",
            "a5546976-00f2-4358-aaa7-6f80d422f9d6",
            "e3c84e6b-edf3-47da-8b77-71fd03252c92",
            "55c4a37f-84c3-4e0e-882e-dca6fd889fac",
            "bed1038d-094f-42c7-a66b-c25cda000751",
            "6c84b18b-1dff-4ff4-9bf7-827517cbf4f2",
            "67329729-d58a-456d-a037-cec5aa04b77c",
            "f7d83a74-fb13-4608-bbf9-9c9be1084c5e",
            "93b1958e-357c-4e69-aaaa-1d150cc2acf3"
          ],
          "failures": [],
          "pending": [],
          "skipped": [],
          "duration": 0,
          "root": false,
          "rootEmpty": false,
          "_timeout": 2000
        },
        {
          "uuid": "13a2c27e-bf1d-45dd-a8f2-542af8f2aeba",
          "title": "createTree 函数测试",
          "fullFile": "/Users/kakaniva/Documents/Sourcetree/kacore/src/utils/createTree.spec.ts",
          "file": "/src/utils/createTree.spec.ts",
          "beforeHooks": [],
          "afterHooks": [],
          "tests": [
            {
              "title": "createTree(\n        [\n            { pid: 1, id: \"1-2\" },\n            { pid: \"1-2\", id: \"1-2-3\" },\n            { pid: 1, id: \"1-3\" },\n            { pid: \"1-3\", id: \"1-3-2\" },\n            { pid: \"2\", id: \"2-3\" },\n        ],\n        { parentKey: \"pid\", ownKey: \"id\" }\n    ) 结果为 [\n        {\n            children: [\n                {\n                    children: [],\n                    id: \"1-2-3\",\n                    isLeaf: true,\n                    pid: \"1-2\",\n                },\n            ],\n            id: \"1-2\",\n            isLeaf: false,\n            pid: 1,\n        },\n        {\n            children: [\n                {\n                    children: [],\n                    id: \"1-3-2\",\n                    isLeaf: true,\n                    pid: \"1-3\",\n                },\n            ],\n            id: \"1-3\",\n            isLeaf: false,\n            pid: 1,\n        },\n        {\n            children: [],\n            id: \"2-3\",\n            isLeaf: true,\n            pid: \"2\",\n        },\n    ]",
              "fullTitle": "createTree 函数测试 createTree(\n        [\n            { pid: 1, id: \"1-2\" },\n            { pid: \"1-2\", id: \"1-2-3\" },\n            { pid: 1, id: \"1-3\" },\n            { pid: \"1-3\", id: \"1-3-2\" },\n            { pid: \"2\", id: \"2-3\" },\n        ],\n        { parentKey: \"pid\", ownKey: \"id\" }\n    ) 结果为 [\n        {\n            children: [\n                {\n                    children: [],\n                    id: \"1-2-3\",\n                    isLeaf: true,\n                    pid: \"1-2\",\n                },\n            ],\n            id: \"1-2\",\n            isLeaf: false,\n            pid: 1,\n        },\n        {\n            children: [\n                {\n                    children: [],\n                    id: \"1-3-2\",\n                    isLeaf: true,\n                    pid: \"1-3\",\n                },\n            ],\n            id: \"1-3\",\n            isLeaf: false,\n            pid: 1,\n        },\n        {\n            children: [],\n            id: \"2-3\",\n            isLeaf: true,\n            pid: \"2\",\n        },\n    ]",
              "timedOut": false,
              "duration": 0,
              "state": "passed",
              "speed": "fast",
              "pass": true,
              "fail": false,
              "pending": false,
              "context": null,
              "code": "chai_1.expect(createTree_1.createTree([\n    { pid: 1, id: \"1-2\" },\n    { pid: \"1-2\", id: \"1-2-3\" },\n    { pid: 1, id: \"1-3\" },\n    { pid: \"1-3\", id: \"1-3-2\" },\n    { pid: \"2\", id: \"2-3\" },\n], { parentKey: \"pid\", ownKey: \"id\" })).to.be.deep.equal([\n    {\n        children: [\n            {\n                children: [],\n                id: \"1-2-3\",\n                isLeaf: true,\n                pid: \"1-2\",\n            },\n        ],\n        id: \"1-2\",\n        isLeaf: false,\n        pid: 1,\n    },\n    {\n        children: [\n            {\n                children: [],\n                id: \"1-3-2\",\n                isLeaf: true,\n                pid: \"1-3\",\n            },\n        ],\n        id: \"1-3\",\n        isLeaf: false,\n        pid: 1,\n    },\n    {\n        children: [],\n        id: \"2-3\",\n        isLeaf: true,\n        pid: \"2\",\n    },\n]);",
              "err": {},
              "uuid": "789d2f72-734f-4d33-b001-fe8b34e44bc8",
              "parentUUID": "13a2c27e-bf1d-45dd-a8f2-542af8f2aeba",
              "isHook": false,
              "skipped": false
            }
          ],
          "suites": [],
          "passes": [
            "789d2f72-734f-4d33-b001-fe8b34e44bc8"
          ],
          "failures": [],
          "pending": [],
          "skipped": [],
          "duration": 0,
          "root": false,
          "rootEmpty": false,
          "_timeout": 2000
        },
        {
          "uuid": "06e60dd9-9785-4362-84c9-3c2f5b76f664",
          "title": "deepMergeObject 函数测试",
          "fullFile": "/Users/kakaniva/Documents/Sourcetree/kacore/src/utils/deepMergeObject.spec.ts",
          "file": "/src/utils/deepMergeObject.spec.ts",
          "beforeHooks": [],
          "afterHooks": [],
          "tests": [
            {
              "title": "deepMergeObject({ a: { b: 3 } }, { a: { b: 4 } }) 结果为 { a: { b: 4 } }",
              "fullTitle": "deepMergeObject 函数测试 deepMergeObject({ a: { b: 3 } }, { a: { b: 4 } }) 结果为 { a: { b: 4 } }",
              "timedOut": false,
              "duration": 0,
              "state": "passed",
              "speed": "fast",
              "pass": true,
              "fail": false,
              "pending": false,
              "context": null,
              "code": "chai_1.expect(deepMergeObject_1.deepMergeObject({ a: { b: 3 } }, { a: { b: 4 } })).to.be.deep.equal({ a: { b: 4 } });",
              "err": {},
              "uuid": "9141fbc8-cfbc-4fe7-9bb7-8b2a8038feda",
              "parentUUID": "06e60dd9-9785-4362-84c9-3c2f5b76f664",
              "isHook": false,
              "skipped": false
            },
            {
              "title": "deepMergeObject({ a: { b: 3, c: '12' } }, { a: { b: 4 } }) 结果为 { a: { b: 4, c: '12' } }",
              "fullTitle": "deepMergeObject 函数测试 deepMergeObject({ a: { b: 3, c: '12' } }, { a: { b: 4 } }) 结果为 { a: { b: 4, c: '12' } }",
              "timedOut": false,
              "duration": 0,
              "state": "passed",
              "speed": "fast",
              "pass": true,
              "fail": false,
              "pending": false,
              "context": null,
              "code": "chai_1.expect(deepMergeObject_1.deepMergeObject({ a: { b: 3, c: \"12\" } }, { a: { b: 4 } })).to.be.deep.equal({ a: { b: 4, c: \"12\" } });",
              "err": {},
              "uuid": "54c8212d-a1b5-4b89-b1b3-be7bd938d224",
              "parentUUID": "06e60dd9-9785-4362-84c9-3c2f5b76f664",
              "isHook": false,
              "skipped": false
            }
          ],
          "suites": [],
          "passes": [
            "9141fbc8-cfbc-4fe7-9bb7-8b2a8038feda",
            "54c8212d-a1b5-4b89-b1b3-be7bd938d224"
          ],
          "failures": [],
          "pending": [],
          "skipped": [],
          "duration": 0,
          "root": false,
          "rootEmpty": false,
          "_timeout": 2000
        },
        {
          "uuid": "2be222ea-e96d-4c87-9e03-c9be2b6484b4",
          "title": "getRanStr 函数测试",
          "fullFile": "/Users/kakaniva/Documents/Sourcetree/kacore/src/utils/getRanStr.spec.ts",
          "file": "/src/utils/getRanStr.spec.ts",
          "beforeHooks": [],
          "afterHooks": [],
          "tests": [
            {
              "title": "getRanStr(12).length 结果为 12",
              "fullTitle": "getRanStr 函数测试 getRanStr(12).length 结果为 12",
              "timedOut": false,
              "duration": 0,
              "state": "passed",
              "speed": "fast",
              "pass": true,
              "fail": false,
              "pending": false,
              "context": null,
              "code": "chai_1.expect(getRanStr_1.getRanStr(12).length).to.be.equal(12);",
              "err": {},
              "uuid": "93c0ed6f-c7b1-43ed-8356-8d227d37f702",
              "parentUUID": "2be222ea-e96d-4c87-9e03-c9be2b6484b4",
              "isHook": false,
              "skipped": false
            },
            {
              "title": "getRanStr(42).length 结果为 42",
              "fullTitle": "getRanStr 函数测试 getRanStr(42).length 结果为 42",
              "timedOut": false,
              "duration": 0,
              "state": "passed",
              "speed": "fast",
              "pass": true,
              "fail": false,
              "pending": false,
              "context": null,
              "code": "chai_1.expect(getRanStr_1.getRanStr(42).length).to.be.equal(42);",
              "err": {},
              "uuid": "307e535c-46d4-4585-b38f-df865c5d5907",
              "parentUUID": "2be222ea-e96d-4c87-9e03-c9be2b6484b4",
              "isHook": false,
              "skipped": false
            }
          ],
          "suites": [],
          "passes": [
            "93c0ed6f-c7b1-43ed-8356-8d227d37f702",
            "307e535c-46d4-4585-b38f-df865c5d5907"
          ],
          "failures": [],
          "pending": [],
          "skipped": [],
          "duration": 0,
          "root": false,
          "rootEmpty": false,
          "_timeout": 2000
        },
        {
          "uuid": "c9c53a16-46b1-45f5-a176-369cc1c3b277",
          "title": "toThousands 函数测试",
          "fullFile": "/Users/kakaniva/Documents/Sourcetree/kacore/src/utils/toThousands.spec.ts",
          "file": "/src/utils/toThousands.spec.ts",
          "beforeHooks": [],
          "afterHooks": [],
          "tests": [
            {
              "title": "toThousands(4567894651) 结果为 '4,567,894,651'",
              "fullTitle": "toThousands 函数测试 toThousands(4567894651) 结果为 '4,567,894,651'",
              "timedOut": false,
              "duration": 1,
              "state": "passed",
              "speed": "fast",
              "pass": true,
              "fail": false,
              "pending": false,
              "context": null,
              "code": "chai_1.expect(toThousands_1.toThousands(4567894651)).to.be.equal(\"4,567,894,651\");",
              "err": {},
              "uuid": "580b8291-1616-4c7c-a6f1-0e53dfc7b6f8",
              "parentUUID": "c9c53a16-46b1-45f5-a176-369cc1c3b277",
              "isHook": false,
              "skipped": false
            },
            {
              "title": "toThousands(46548) 结果为 '46,548'",
              "fullTitle": "toThousands 函数测试 toThousands(46548) 结果为 '46,548'",
              "timedOut": false,
              "duration": 0,
              "state": "passed",
              "speed": "fast",
              "pass": true,
              "fail": false,
              "pending": false,
              "context": null,
              "code": "chai_1.expect(toThousands_1.toThousands(46548)).to.be.equal(\"46,548\");",
              "err": {},
              "uuid": "9b071c1f-351e-4b80-974a-8a6ff5819730",
              "parentUUID": "c9c53a16-46b1-45f5-a176-369cc1c3b277",
              "isHook": false,
              "skipped": false
            }
          ],
          "suites": [],
          "passes": [
            "580b8291-1616-4c7c-a6f1-0e53dfc7b6f8",
            "9b071c1f-351e-4b80-974a-8a6ff5819730"
          ],
          "failures": [],
          "pending": [],
          "skipped": [],
          "duration": 1,
          "root": false,
          "rootEmpty": false,
          "_timeout": 2000
        },
        {
          "uuid": "2a480f99-6697-4c1f-9272-dd0f58aed872",
          "title": "trim 函数测试",
          "fullFile": "/Users/kakaniva/Documents/Sourcetree/kacore/src/utils/trim.spec.ts",
          "file": "/src/utils/trim.spec.ts",
          "beforeHooks": [],
          "afterHooks": [],
          "tests": [
            {
              "title": "trim('   something      ') 结果为 'something'",
              "fullTitle": "trim 函数测试 trim('   something      ') 结果为 'something'",
              "timedOut": false,
              "duration": 0,
              "state": "passed",
              "speed": "fast",
              "pass": true,
              "fail": false,
              "pending": false,
              "context": null,
              "code": "chai_1.expect(trim_1.trim(\"   something      \")).to.be.equal(\"something\");",
              "err": {},
              "uuid": "9519ef1f-916f-4a6f-9389-37cc47153052",
              "parentUUID": "2a480f99-6697-4c1f-9272-dd0f58aed872",
              "isHook": false,
              "skipped": false
            },
            {
              "title": "trim('   some   thing      ') 结果为 'some   thing'",
              "fullTitle": "trim 函数测试 trim('   some   thing      ') 结果为 'some   thing'",
              "timedOut": false,
              "duration": 0,
              "state": "passed",
              "speed": "fast",
              "pass": true,
              "fail": false,
              "pending": false,
              "context": null,
              "code": "chai_1.expect(trim_1.trim(\"   some   thing      \")).to.be.equal(\"some   thing\");",
              "err": {},
              "uuid": "c76c58c8-bb0b-48ab-b29d-9e3d0a120111",
              "parentUUID": "2a480f99-6697-4c1f-9272-dd0f58aed872",
              "isHook": false,
              "skipped": false
            }
          ],
          "suites": [],
          "passes": [
            "9519ef1f-916f-4a6f-9389-37cc47153052",
            "c76c58c8-bb0b-48ab-b29d-9e3d0a120111"
          ],
          "failures": [],
          "pending": [],
          "skipped": [],
          "duration": 0,
          "root": false,
          "rootEmpty": false,
          "_timeout": 2000
        },
        {
          "uuid": "3b4bae66-126b-423f-b883-33749130cf65",
          "title": "trimL 函数测试",
          "fullFile": "/Users/kakaniva/Documents/Sourcetree/kacore/src/utils/trimL.spec.ts",
          "file": "/src/utils/trimL.spec.ts",
          "beforeHooks": [],
          "afterHooks": [],
          "tests": [
            {
              "title": "trimL('   something      ') 结果为 'something      '",
              "fullTitle": "trimL 函数测试 trimL('   something      ') 结果为 'something      '",
              "timedOut": false,
              "duration": 0,
              "state": "passed",
              "speed": "fast",
              "pass": true,
              "fail": false,
              "pending": false,
              "context": null,
              "code": "chai_1.expect(trimL_1.trimL(\"   something      \")).to.be.equal(\"something      \");",
              "err": {},
              "uuid": "37f50193-ce47-40d4-b168-388a84523515",
              "parentUUID": "3b4bae66-126b-423f-b883-33749130cf65",
              "isHook": false,
              "skipped": false
            },
            {
              "title": "trimL('   some   thing      ') 结果为 'some   thing      '",
              "fullTitle": "trimL 函数测试 trimL('   some   thing      ') 结果为 'some   thing      '",
              "timedOut": false,
              "duration": 0,
              "state": "passed",
              "speed": "fast",
              "pass": true,
              "fail": false,
              "pending": false,
              "context": null,
              "code": "chai_1.expect(trimL_1.trimL(\"   some   thing      \")).to.be.equal(\"some   thing      \");",
              "err": {},
              "uuid": "67fc205a-f7cd-4cc4-8491-77033acab15b",
              "parentUUID": "3b4bae66-126b-423f-b883-33749130cf65",
              "isHook": false,
              "skipped": false
            }
          ],
          "suites": [],
          "passes": [
            "37f50193-ce47-40d4-b168-388a84523515",
            "67fc205a-f7cd-4cc4-8491-77033acab15b"
          ],
          "failures": [],
          "pending": [],
          "skipped": [],
          "duration": 0,
          "root": false,
          "rootEmpty": false,
          "_timeout": 2000
        },
        {
          "uuid": "04bdb1c2-dbbb-4d02-9e4a-64e4807f25ca",
          "title": "trimR 函数测试",
          "fullFile": "/Users/kakaniva/Documents/Sourcetree/kacore/src/utils/trimR.spec.ts",
          "file": "/src/utils/trimR.spec.ts",
          "beforeHooks": [],
          "afterHooks": [],
          "tests": [
            {
              "title": "trimR('   something      ') 结果为 '   something'",
              "fullTitle": "trimR 函数测试 trimR('   something      ') 结果为 '   something'",
              "timedOut": false,
              "duration": 1,
              "state": "passed",
              "speed": "fast",
              "pass": true,
              "fail": false,
              "pending": false,
              "context": null,
              "code": "chai_1.expect(trimR_1.trimR(\"   something      \")).to.be.equal(\"   something\");",
              "err": {},
              "uuid": "0a8f8bfa-e8b4-495b-b15d-c0658d911a6b",
              "parentUUID": "04bdb1c2-dbbb-4d02-9e4a-64e4807f25ca",
              "isHook": false,
              "skipped": false
            },
            {
              "title": "trimR('   some   thing      ') 结果为 '   some   thing'",
              "fullTitle": "trimR 函数测试 trimR('   some   thing      ') 结果为 '   some   thing'",
              "timedOut": false,
              "duration": 0,
              "state": "passed",
              "speed": "fast",
              "pass": true,
              "fail": false,
              "pending": false,
              "context": null,
              "code": "chai_1.expect(trimR_1.trimR(\"   some   thing      \")).to.be.equal(\"   some   thing\");",
              "err": {},
              "uuid": "a43a0c79-2d6a-4b10-8774-d70fd3a396ab",
              "parentUUID": "04bdb1c2-dbbb-4d02-9e4a-64e4807f25ca",
              "isHook": false,
              "skipped": false
            }
          ],
          "suites": [],
          "passes": [
            "0a8f8bfa-e8b4-495b-b15d-c0658d911a6b",
            "a43a0c79-2d6a-4b10-8774-d70fd3a396ab"
          ],
          "failures": [],
          "pending": [],
          "skipped": [],
          "duration": 1,
          "root": false,
          "rootEmpty": false,
          "_timeout": 2000
        }
      ],
      "passes": [],
      "failures": [],
      "pending": [],
      "skipped": [],
      "duration": 0,
      "root": true,
      "rootEmpty": true,
      "_timeout": 2000
    }
  ],
  "meta": {
    "mocha": {
      "version": "8.1.1"
    },
    "mochawesome": {
      "options": {
        "quiet": false,
        "reportFilename": "test.report.html",
        "saveHtml": true,
        "saveJson": true,
        "consoleReporter": "spec",
        "useInlineDiffs": false,
        "code": true
      },
      "version": "6.1.1"
    },
    "marge": {
      "options": {
        "reportDir": "report",
        "reportFilename": "test.report.html"
      },
      "version": "5.1.0"
    }
  }
}