{
  "stats": {
    "suites": 2,
    "tests": 2,
    "passes": 2,
    "pending": 0,
    "failures": 0,
    "start": "2020-08-11T03:38:48.280Z",
    "end": "2020-08-11T03:38:54.300Z",
    "duration": 6020,
    "testsRegistered": 2,
    "passPercent": 100,
    "pendingPercent": 0,
    "other": 0,
    "hasOther": false,
    "skipped": 0,
    "hasSkipped": false
  },
  "results": [
    {
      "uuid": "2353a9f9-5db3-4479-b15c-d1fb5eb2cc2d",
      "title": "",
      "fullFile": "",
      "file": "",
      "beforeHooks": [],
      "afterHooks": [],
      "tests": [],
      "suites": [
        {
          "uuid": "6a559681-0744-4c1f-876f-4c53ad631fe3",
          "title": "delay 相关测试",
          "fullFile": "/Users/kakaniva/Documents/Sourcetree/kacore/src/date/delay.spec.ts",
          "file": "/src/date/delay.spec.ts",
          "beforeHooks": [],
          "afterHooks": [],
          "tests": [
            {
              "title": "delay(3000) 结果为 true",
              "fullTitle": "delay 相关测试 delay(3000) 结果为 true",
              "timedOut": false,
              "duration": 3007,
              "state": "passed",
              "speed": "slow",
              "pass": true,
              "fail": false,
              "pending": false,
              "context": null,
              "code": "this.timeout(4000);\nawait delay_1.delay(3000);\nreturn true;",
              "err": {},
              "uuid": "e907e33f-2d77-4e29-8574-170261316f8b",
              "parentUUID": "6a559681-0744-4c1f-876f-4c53ad631fe3",
              "isHook": false,
              "skipped": false
            }
          ],
          "suites": [],
          "passes": [
            "e907e33f-2d77-4e29-8574-170261316f8b"
          ],
          "failures": [],
          "pending": [],
          "skipped": [],
          "duration": 3007,
          "root": false,
          "rootEmpty": false,
          "_timeout": 2000
        },
        {
          "uuid": "253e9845-cbfc-4fd1-80fe-0022095afbff",
          "title": "Timer 相关测试",
          "fullFile": "/Users/kakaniva/Documents/Sourcetree/kacore/src/date/Timer.spec.ts",
          "file": "/src/date/Timer.spec.ts",
          "beforeHooks": [],
          "afterHooks": [],
          "tests": [
            {
              "title": "new Timer()",
              "fullTitle": "Timer 相关测试 new Timer()",
              "timedOut": false,
              "duration": 3006,
              "state": "passed",
              "speed": "slow",
              "pass": true,
              "fail": false,
              "pending": false,
              "context": null,
              "code": "this.timeout(4000);\nlet t = new Timer_1.Timer();\nt.start();\nawait delay_1.delay(3000);\nlet s = await t.step();\nconsole.log(`经过${s}毫秒`);\nt.stop();\nreturn s;",
              "err": {},
              "uuid": "b27aaea2-17f9-41f4-afa4-3b18e01810e6",
              "parentUUID": "253e9845-cbfc-4fd1-80fe-0022095afbff",
              "isHook": false,
              "skipped": false
            }
          ],
          "suites": [],
          "passes": [
            "b27aaea2-17f9-41f4-afa4-3b18e01810e6"
          ],
          "failures": [],
          "pending": [],
          "skipped": [],
          "duration": 3006,
          "root": false,
          "rootEmpty": false,
          "_timeout": 2000
        }
      ],
      "passes": [],
      "failures": [],
      "pending": [],
      "skipped": [],
      "duration": 0,
      "root": true,
      "rootEmpty": true,
      "_timeout": 2000
    }
  ],
  "meta": {
    "mocha": {
      "version": "8.1.1"
    },
    "mochawesome": {
      "options": {
        "quiet": false,
        "reportFilename": "test.report.html",
        "saveHtml": true,
        "saveJson": true,
        "consoleReporter": "spec",
        "useInlineDiffs": false,
        "code": true
      },
      "version": "6.1.1"
    },
    "marge": {
      "options": {
        "reportDir": "report",
        "reportFilename": "test.report.html"
      },
      "version": "5.1.0"
    }
  }
}